[2023-12-05 10:16:11.662 +01:00  INF]  Entity Framework Core 6.0.25 initialized 'CustomerDbContext' using provider 'Npgsql.EntityFrameworkCore.PostgreSQL:6.0.22+7b04a420e2d10ef5ef0db6abe49a6ad53a2f8653' with options: MaxPoolSize=1024 
[2023-12-05 10:16:12.903 +01:00  INF]  Executed DbCommand (169ms) [Parameters=[], CommandType='"Text"', CommandTimeout='30']

SELECT EXISTS (
    SELECT 1 FROM pg_catalog.pg_class c
    JOIN pg_catalog.pg_namespace n ON n.oid=c.relnamespace
    WHERE n.nspname='public' AND
          c.relname='__EFMigrationsHistory'
)
[2023-12-05 10:16:36.351 +01:00  INF]  Entity Framework Core 6.0.25 initialized 'CustomerDbContext' using provider 'Npgsql.EntityFrameworkCore.PostgreSQL:6.0.22+7b04a420e2d10ef5ef0db6abe49a6ad53a2f8653' with options: MaxPoolSize=1024 
[2023-12-05 10:19:28.448 +01:00  INF]  Entity Framework Core 6.0.25 initialized 'CustomerDbContext' using provider 'Npgsql.EntityFrameworkCore.PostgreSQL:6.0.22+7b04a420e2d10ef5ef0db6abe49a6ad53a2f8653' with options: MaxPoolSize=1024 
[2023-12-05 10:19:29.077 +01:00  INF]  Executed DbCommand (117ms) [Parameters=[], CommandType='"Text"', CommandTimeout='30']

SELECT EXISTS (
    SELECT 1 FROM pg_catalog.pg_class c
    JOIN pg_catalog.pg_namespace n ON n.oid=c.relnamespace
    WHERE n.nspname='public' AND
          c.relname='__EFMigrationsHistory'
)
[2023-12-05 10:19:29.528 +01:00  INF]  Executed DbCommand (72ms) [Parameters=[], CommandType='"Text"', CommandTimeout='30']
CREATE TABLE "__EFMigrationsHistory" (
    "MigrationId" character varying(150) NOT NULL,
    "ProductVersion" character varying(32) NOT NULL,
    CONSTRAINT "PK___EFMigrationsHistory" PRIMARY KEY ("MigrationId")
);
[2023-12-05 10:19:29.597 +01:00  INF]  Executed DbCommand (1ms) [Parameters=[], CommandType='"Text"', CommandTimeout='30']

SELECT EXISTS (
    SELECT 1 FROM pg_catalog.pg_class c
    JOIN pg_catalog.pg_namespace n ON n.oid=c.relnamespace
    WHERE n.nspname='public' AND
          c.relname='__EFMigrationsHistory'
)
[2023-12-05 10:19:29.604 +01:00  INF]  Executed DbCommand (4ms) [Parameters=[], CommandType='"Text"', CommandTimeout='30']
SELECT "MigrationId", "ProductVersion"
FROM "__EFMigrationsHistory"
ORDER BY "MigrationId";
[2023-12-05 10:19:29.643 +01:00  INF]  Applying migration '20231205091636_InitialMigration'.
[2023-12-05 10:19:29.749 +01:00  INF]  Executed DbCommand (15ms) [Parameters=[], CommandType='"Text"', CommandTimeout='30']
CREATE TABLE "AspNetRoles" (
    "Id" text NOT NULL,
    "Name" character varying(256) NULL,
    "NormalizedName" character varying(256) NULL,
    "ConcurrencyStamp" text NULL,
    CONSTRAINT "PK_AspNetRoles" PRIMARY KEY ("Id")
);
[2023-12-05 10:19:29.759 +01:00  INF]  Executed DbCommand (10ms) [Parameters=[], CommandType='"Text"', CommandTimeout='30']
CREATE TABLE "AspNetUsers" (
    "Id" text NOT NULL,
    "NationalId" character varying(11) NULL,
    "Name" text NOT NULL,
    "Surname" text NOT NULL,
    "DateOfBirth" timestamp with time zone NOT NULL,
    "CustomerNumber" text NOT NULL,
    "TransactionHistory" text NULL,
    "UserName" character varying(256) NULL,
    "NormalizedUserName" character varying(256) NULL,
    "Email" character varying(256) NULL,
    "NormalizedEmail" character varying(256) NULL,
    "EmailConfirmed" boolean NOT NULL,
    "PasswordHash" text NULL,
    "SecurityStamp" text NULL,
    "ConcurrencyStamp" text NULL,
    "PhoneNumber" text NULL,
    "PhoneNumberConfirmed" boolean NOT NULL,
    "TwoFactorEnabled" boolean NOT NULL,
    "LockoutEnd" timestamp with time zone NULL,
    "LockoutEnabled" boolean NOT NULL,
    "AccessFailedCount" integer NOT NULL,
    CONSTRAINT "PK_AspNetUsers" PRIMARY KEY ("Id")
);
[2023-12-05 10:19:29.778 +01:00  INF]  Executed DbCommand (19ms) [Parameters=[], CommandType='"Text"', CommandTimeout='30']
CREATE TABLE "Merchant" (
    "MerchantNumber" bigint GENERATED BY DEFAULT AS IDENTITY,
    "BusinessIdNumber" text NOT NULL,
    "BusinessName" text NOT NULL,
    "ContactName" text NOT NULL,
    "AverageTransactionVolume" text NULL,
    "ContactSurname" text NOT NULL,
    "DateOfEstablishment" timestamp with time zone NOT NULL,
    CONSTRAINT "PK_Merchant" PRIMARY KEY ("MerchantNumber")
);
[2023-12-05 10:19:29.800 +01:00  INF]  Executed DbCommand (22ms) [Parameters=[], CommandType='"Text"', CommandTimeout='30']
CREATE TABLE "AspNetRoleClaims" (
    "Id" integer GENERATED BY DEFAULT AS IDENTITY,
    "RoleId" text NOT NULL,
    "ClaimType" text NULL,
    "ClaimValue" text NULL,
    CONSTRAINT "PK_AspNetRoleClaims" PRIMARY KEY ("Id"),
    CONSTRAINT "FK_AspNetRoleClaims_AspNetRoles_RoleId" FOREIGN KEY ("RoleId") REFERENCES "AspNetRoles" ("Id") ON DELETE CASCADE
);
[2023-12-05 10:19:29.810 +01:00  INF]  Executed DbCommand (9ms) [Parameters=[], CommandType='"Text"', CommandTimeout='30']
CREATE TABLE "AspNetUserClaims" (
    "Id" integer GENERATED BY DEFAULT AS IDENTITY,
    "UserId" text NOT NULL,
    "ClaimType" text NULL,
    "ClaimValue" text NULL,
    CONSTRAINT "PK_AspNetUserClaims" PRIMARY KEY ("Id"),
    CONSTRAINT "FK_AspNetUserClaims_AspNetUsers_UserId" FOREIGN KEY ("UserId") REFERENCES "AspNetUsers" ("Id") ON DELETE CASCADE
);
[2023-12-05 10:19:29.820 +01:00  INF]  Executed DbCommand (10ms) [Parameters=[], CommandType='"Text"', CommandTimeout='30']
CREATE TABLE "AspNetUserLogins" (
    "LoginProvider" text NOT NULL,
    "ProviderKey" text NOT NULL,
    "ProviderDisplayName" text NULL,
    "UserId" text NOT NULL,
    CONSTRAINT "PK_AspNetUserLogins" PRIMARY KEY ("LoginProvider", "ProviderKey"),
    CONSTRAINT "FK_AspNetUserLogins_AspNetUsers_UserId" FOREIGN KEY ("UserId") REFERENCES "AspNetUsers" ("Id") ON DELETE CASCADE
);
[2023-12-05 10:19:29.831 +01:00  INF]  Executed DbCommand (10ms) [Parameters=[], CommandType='"Text"', CommandTimeout='30']
CREATE TABLE "AspNetUserRoles" (
    "UserId" text NOT NULL,
    "RoleId" text NOT NULL,
    CONSTRAINT "PK_AspNetUserRoles" PRIMARY KEY ("UserId", "RoleId"),
    CONSTRAINT "FK_AspNetUserRoles_AspNetRoles_RoleId" FOREIGN KEY ("RoleId") REFERENCES "AspNetRoles" ("Id") ON DELETE CASCADE,
    CONSTRAINT "FK_AspNetUserRoles_AspNetUsers_UserId" FOREIGN KEY ("UserId") REFERENCES "AspNetUsers" ("Id") ON DELETE CASCADE
);
[2023-12-05 10:19:29.893 +01:00  INF]  Executed DbCommand (16ms) [Parameters=[], CommandType='"Text"', CommandTimeout='30']
CREATE TABLE "AspNetUserTokens" (
    "UserId" text NOT NULL,
    "LoginProvider" text NOT NULL,
    "Name" text NOT NULL,
    "Value" text NULL,
    CONSTRAINT "PK_AspNetUserTokens" PRIMARY KEY ("UserId", "LoginProvider", "Name"),
    CONSTRAINT "FK_AspNetUserTokens_AspNetUsers_UserId" FOREIGN KEY ("UserId") REFERENCES "AspNetUsers" ("Id") ON DELETE CASCADE
);
[2023-12-05 10:19:29.899 +01:00  INF]  Executed DbCommand (5ms) [Parameters=[], CommandType='"Text"', CommandTimeout='30']
CREATE INDEX "IX_AspNetRoleClaims_RoleId" ON "AspNetRoleClaims" ("RoleId");
[2023-12-05 10:19:29.903 +01:00  INF]  Executed DbCommand (4ms) [Parameters=[], CommandType='"Text"', CommandTimeout='30']
CREATE UNIQUE INDEX "RoleNameIndex" ON "AspNetRoles" ("NormalizedName");
[2023-12-05 10:19:29.906 +01:00  INF]  Executed DbCommand (3ms) [Parameters=[], CommandType='"Text"', CommandTimeout='30']
CREATE INDEX "IX_AspNetUserClaims_UserId" ON "AspNetUserClaims" ("UserId");
[2023-12-05 10:19:29.910 +01:00  INF]  Executed DbCommand (3ms) [Parameters=[], CommandType='"Text"', CommandTimeout='30']
CREATE INDEX "IX_AspNetUserLogins_UserId" ON "AspNetUserLogins" ("UserId");
[2023-12-05 10:19:29.913 +01:00  INF]  Executed DbCommand (3ms) [Parameters=[], CommandType='"Text"', CommandTimeout='30']
CREATE INDEX "IX_AspNetUserRoles_RoleId" ON "AspNetUserRoles" ("RoleId");
[2023-12-05 10:19:29.916 +01:00  INF]  Executed DbCommand (3ms) [Parameters=[], CommandType='"Text"', CommandTimeout='30']
CREATE INDEX "EmailIndex" ON "AspNetUsers" ("NormalizedEmail");
[2023-12-05 10:19:29.919 +01:00  INF]  Executed DbCommand (3ms) [Parameters=[], CommandType='"Text"', CommandTimeout='30']
CREATE UNIQUE INDEX "UserNameIndex" ON "AspNetUsers" ("NormalizedUserName");
[2023-12-05 10:19:29.926 +01:00  INF]  Executed DbCommand (6ms) [Parameters=[], CommandType='"Text"', CommandTimeout='30']
INSERT INTO "__EFMigrationsHistory" ("MigrationId", "ProductVersion")
VALUES ('20231205091636_InitialMigration', '6.0.25');
[2023-12-05 11:16:11.020 +01:00  INF]  User profile is available. Using 'C:\Users\ChukwukaOkpalaugo\AppData\Local\ASP.NET\DataProtection-Keys' as key repository and Windows DPAPI to encrypt keys at rest.
[2023-12-05 11:16:11.703 +01:00  INF]  Now listening on: https://localhost:7214
[2023-12-05 11:16:11.704 +01:00  INF]  Now listening on: http://localhost:5223
[2023-12-05 11:16:11.719 +01:00  INF]  Application started. Press Ctrl+C to shut down.
[2023-12-05 11:16:11.719 +01:00  INF]  Hosting environment: Development
[2023-12-05 11:16:11.719 +01:00  INF]  Content root path: C:\Users\ChukwukaOkpalaugo\Documents\Okpalaugo Chukwuka\Peabux Payment System API\PaymentSystemAPI\
[2023-12-05 11:16:13.116 +01:00  INF]  Request starting HTTP/2 GET https://localhost:7214/swagger/index.html - -
[2023-12-05 11:16:13.413 +01:00  INF]  Request finished HTTP/2 GET https://localhost:7214/swagger/index.html - - - 404 0 - 310.7532ms
[2023-12-05 11:16:56.533 +01:00  INF]  Request starting HTTP/2 GET https://localhost:7214/swagger/ - -
[2023-12-05 11:16:56.536 +01:00  INF]  Request finished HTTP/2 GET https://localhost:7214/swagger/ - - - 404 0 - 3.4134ms
[2023-12-05 11:17:27.276 +01:00  INF]  User profile is available. Using 'C:\Users\ChukwukaOkpalaugo\AppData\Local\ASP.NET\DataProtection-Keys' as key repository and Windows DPAPI to encrypt keys at rest.
[2023-12-05 11:17:27.939 +01:00  INF]  Now listening on: https://localhost:7214
[2023-12-05 11:17:27.940 +01:00  INF]  Now listening on: http://localhost:5223
[2023-12-05 11:17:27.945 +01:00  INF]  Application started. Press Ctrl+C to shut down.
[2023-12-05 11:17:27.945 +01:00  INF]  Hosting environment: Development
[2023-12-05 11:17:27.945 +01:00  INF]  Content root path: C:\Users\ChukwukaOkpalaugo\Documents\Okpalaugo Chukwuka\Peabux Payment System API\PaymentSystemAPI\
[2023-12-05 11:17:29.075 +01:00  INF]  Request starting HTTP/2 GET https://localhost:7214/swagger/index.html - -
[2023-12-05 11:17:30.462 +01:00  INF]  Request starting HTTP/2 GET https://localhost:7214/_framework/aspnetcore-browser-refresh.js - -
[2023-12-05 11:17:30.593 +01:00  INF]  Request starting HTTP/2 GET https://localhost:7214/_vs/browserLink - -
[2023-12-05 11:17:30.655 +01:00  INF]  Request finished HTTP/2 GET https://localhost:7214/swagger/index.html - - - 200 - text/html;charset=utf-8 1599.5144ms
[2023-12-05 11:17:30.656 +01:00  INF]  Request finished HTTP/2 GET https://localhost:7214/_framework/aspnetcore-browser-refresh.js - - - 200 12002 application/javascript;+charset=utf-8 194.3825ms
[2023-12-05 11:17:31.132 +01:00  INF]  Request finished HTTP/2 GET https://localhost:7214/_vs/browserLink - - - 200 - text/javascript;+charset=UTF-8 538.8209ms
[2023-12-05 11:17:31.295 +01:00  INF]  Request starting HTTP/2 GET https://localhost:7214/swagger/v1/swagger.json - -
[2023-12-05 11:17:31.750 +01:00  INF]  Request finished HTTP/2 GET https://localhost:7214/swagger/v1/swagger.json - - - 200 - application/json;charset=utf-8 454.9292ms
[2023-12-05 11:19:42.160 +01:00  INF]  User profile is available. Using 'C:\Users\ChukwukaOkpalaugo\AppData\Local\ASP.NET\DataProtection-Keys' as key repository and Windows DPAPI to encrypt keys at rest.
[2023-12-05 11:19:42.912 +01:00  INF]  Now listening on: https://localhost:7214
[2023-12-05 11:19:42.913 +01:00  INF]  Now listening on: http://localhost:5223
[2023-12-05 11:19:42.919 +01:00  INF]  Application started. Press Ctrl+C to shut down.
[2023-12-05 11:19:42.919 +01:00  INF]  Hosting environment: Development
[2023-12-05 11:19:42.919 +01:00  INF]  Content root path: C:\Users\ChukwukaOkpalaugo\Documents\Okpalaugo Chukwuka\Peabux Payment System API\PaymentSystemAPI\
[2023-12-05 11:19:44.287 +01:00  INF]  Request starting HTTP/2 GET https://localhost:7214/swagger/index.html - -
[2023-12-05 11:19:45.855 +01:00  INF]  Request finished HTTP/2 GET https://localhost:7214/swagger/index.html - - - 200 - text/html;charset=utf-8 1585.0210ms
[2023-12-05 11:19:46.049 +01:00  INF]  Request starting HTTP/2 GET https://localhost:7214/_framework/aspnetcore-browser-refresh.js - -
[2023-12-05 11:19:46.062 +01:00  INF]  Request finished HTTP/2 GET https://localhost:7214/_framework/aspnetcore-browser-refresh.js - - - 200 12002 application/javascript;+charset=utf-8 12.9976ms
[2023-12-05 11:19:46.486 +01:00  INF]  Request starting HTTP/2 GET https://localhost:7214/_vs/browserLink - -
[2023-12-05 11:19:46.591 +01:00  INF]  Request finished HTTP/2 GET https://localhost:7214/_vs/browserLink - - - 200 - text/javascript;+charset=UTF-8 105.2688ms
[2023-12-05 11:19:48.175 +01:00  INF]  Request starting HTTP/2 GET https://localhost:7214/swagger/v1/swagger.json - -
[2023-12-05 11:19:48.603 +01:00  INF]  Request finished HTTP/2 GET https://localhost:7214/swagger/v1/swagger.json - - - 200 - application/json;charset=utf-8 427.8700ms
[2023-12-05 11:20:53.442 +01:00  INF]  Request starting HTTP/2 GET https://localhost:7214/api/v1/Customer?NationalId=22222222222 - -
[2023-12-05 11:20:53.467 +01:00  INF]  Executing endpoint 'PaymentSystemAPI.Controllers.CustomerController.GetCustomerById (PaymentSystemAPI)'
[2023-12-05 11:20:53.599 +01:00  INF]  Route matched with {action = "GetCustomerById", controller = "Customer"}. Executing controller action with signature System.Threading.Tasks.Task`1[Microsoft.AspNetCore.Mvc.IActionResult] GetCustomerById(System.String) on controller PaymentSystemAPI.Controllers.CustomerController (PaymentSystemAPI).
[2023-12-05 11:20:59.780 +01:00  INF]  Entity Framework Core 6.0.25 initialized 'CustomerDbContext' using provider 'Npgsql.EntityFrameworkCore.PostgreSQL:6.0.22+7b04a420e2d10ef5ef0db6abe49a6ad53a2f8653' with options: MaxPoolSize=1024 
[2023-12-05 11:21:05.352 +01:00  INF]  Getting customer details...
[2023-12-05 11:21:15.219 +01:00  INF]  Getting customer details...NationalId: 22222222222
[2023-12-05 11:21:22.612 +01:00  INF]  Executed DbCommand (335ms) [Parameters=[@__NationalId_0='?'], CommandType='"Text"', CommandTimeout='30']
SELECT a."Id", a."AccessFailedCount", a."ConcurrencyStamp", a."CustomerNumber", a."DateOfBirth", a."Email", a."EmailConfirmed", a."LockoutEnabled", a."LockoutEnd", a."Name", a."NationalId", a."NormalizedEmail", a."NormalizedUserName", a."PasswordHash", a."PhoneNumber", a."PhoneNumberConfirmed", a."SecurityStamp", a."Surname", a."TransactionHistory", a."TwoFactorEnabled", a."UserName"
FROM "AspNetUsers" AS a
WHERE a."Id" = @__NationalId_0
LIMIT 1
[2023-12-05 11:21:35.467 +01:00  INF]  Executing ObjectResult, writing value of type 'PaymentSystem.Core.DTOs.ResponseDto`1[[PaymentSystem.Core.DTOs.CustomerResponseDto, PaymentSystem.Core, Version=1.0.0.0, Culture=neutral, PublicKeyToken=null]]'.
[2023-12-05 11:21:35.500 +01:00  INF]  Executed action PaymentSystemAPI.Controllers.CustomerController.GetCustomerById (PaymentSystemAPI) in 41882.5821ms
[2023-12-05 11:21:35.505 +01:00  INF]  Executed endpoint 'PaymentSystemAPI.Controllers.CustomerController.GetCustomerById (PaymentSystemAPI)'
[2023-12-05 11:21:35.543 +01:00  INF]  Request finished HTTP/2 GET https://localhost:7214/api/v1/Customer?NationalId=22222222222 - - - 404 - application/json;+charset=utf-8 42100.9604ms
[2023-12-05 11:23:00.740 +01:00  INF]  Request starting HTTP/2 POST https://localhost:7214/api/v1/Customer application/json 192
[2023-12-05 11:23:00.740 +01:00  INF]  Executing endpoint 'PaymentSystemAPI.Controllers.CustomerController.InsertCustomer (PaymentSystemAPI)'
[2023-12-05 11:23:00.753 +01:00  INF]  Route matched with {action = "InsertCustomer", controller = "Customer"}. Executing controller action with signature System.Threading.Tasks.Task`1[Microsoft.AspNetCore.Mvc.IActionResult] InsertCustomer(PaymentSystem.Core.DTOs.CustomerRequestDto) on controller PaymentSystemAPI.Controllers.CustomerController (PaymentSystemAPI).
[2023-12-05 11:23:12.714 +01:00  INF]  Inserting customer details...
[2023-12-05 11:23:18.031 +01:00  INF]  Executed DbCommand (55ms) [Parameters=[@__NationalId_0='?'], CommandType='"Text"', CommandTimeout='30']
SELECT a."Id", a."AccessFailedCount", a."ConcurrencyStamp", a."CustomerNumber", a."DateOfBirth", a."Email", a."EmailConfirmed", a."LockoutEnabled", a."LockoutEnd", a."Name", a."NationalId", a."NormalizedEmail", a."NormalizedUserName", a."PasswordHash", a."PhoneNumber", a."PhoneNumberConfirmed", a."SecurityStamp", a."Surname", a."TransactionHistory", a."TwoFactorEnabled", a."UserName"
FROM "AspNetUsers" AS a
WHERE a."Id" = @__NationalId_0
LIMIT 1
[2023-12-05 11:24:05.179 +01:00  INF]  Executed DbCommand (46ms) [Parameters=[@p0='?', @p1='?' (DbType = Int32), @p2='?', @p3='?', @p4='?' (DbType = DateTime), @p5='?', @p6='?' (DbType = Boolean), @p7='?' (DbType = Boolean), @p8='?' (DbType = DateTime), @p9='?', @p10='?', @p11='?', @p12='?', @p13='?', @p14='?', @p15='?' (DbType = Boolean), @p16='?', @p17='?', @p18='?', @p19='?' (DbType = Boolean), @p20='?'], CommandType='"Text"', CommandTimeout='30']
INSERT INTO "AspNetUsers" ("Id", "AccessFailedCount", "ConcurrencyStamp", "CustomerNumber", "DateOfBirth", "Email", "EmailConfirmed", "LockoutEnabled", "LockoutEnd", "Name", "NationalId", "NormalizedEmail", "NormalizedUserName", "PasswordHash", "PhoneNumber", "PhoneNumberConfirmed", "SecurityStamp", "Surname", "TransactionHistory", "TwoFactorEnabled", "UserName")
VALUES (@p0, @p1, @p2, @p3, @p4, @p5, @p6, @p7, @p8, @p9, @p10, @p11, @p12, @p13, @p14, @p15, @p16, @p17, @p18, @p19, @p20);
[2023-12-05 11:24:12.951 +01:00  INF]  Customer detials successfully saved: System.Threading.Tasks.Task`1[System.Threading.Tasks.VoidTaskResult]
[2023-12-05 11:24:28.794 +01:00  INF]  Executing ObjectResult, writing value of type 'PaymentSystem.Core.DTOs.ResponseDto`1[[System.Boolean, System.Private.CoreLib, Version=6.0.0.0, Culture=neutral, PublicKeyToken=7cec85d7bea7798e]]'.
[2023-12-05 11:24:28.808 +01:00  INF]  Executed action PaymentSystemAPI.Controllers.CustomerController.InsertCustomer (PaymentSystemAPI) in 88054.3313ms
[2023-12-05 11:24:28.808 +01:00  INF]  Executed endpoint 'PaymentSystemAPI.Controllers.CustomerController.InsertCustomer (PaymentSystemAPI)'
[2023-12-05 11:24:28.809 +01:00  INF]  Request finished HTTP/2 POST https://localhost:7214/api/v1/Customer application/json 192 - 201 - application/json;+charset=utf-8 88069.0031ms
[2023-12-05 11:25:51.279 +01:00  INF]  Request starting HTTP/2 POST https://localhost:7214/api/v1/Customer application/json 192
[2023-12-05 11:25:51.283 +01:00  INF]  Executing endpoint 'PaymentSystemAPI.Controllers.CustomerController.InsertCustomer (PaymentSystemAPI)'
[2023-12-05 11:25:51.287 +01:00  INF]  Route matched with {action = "InsertCustomer", controller = "Customer"}. Executing controller action with signature System.Threading.Tasks.Task`1[Microsoft.AspNetCore.Mvc.IActionResult] InsertCustomer(PaymentSystem.Core.DTOs.CustomerRequestDto) on controller PaymentSystemAPI.Controllers.CustomerController (PaymentSystemAPI).
[2023-12-05 11:26:04.244 +01:00  INF]  Inserting customer details...
[2023-12-05 11:26:04.280 +01:00  INF]  Executed DbCommand (30ms) [Parameters=[@__NationalId_0='?'], CommandType='"Text"', CommandTimeout='30']
SELECT a."Id", a."AccessFailedCount", a."ConcurrencyStamp", a."CustomerNumber", a."DateOfBirth", a."Email", a."EmailConfirmed", a."LockoutEnabled", a."LockoutEnd", a."Name", a."NationalId", a."NormalizedEmail", a."NormalizedUserName", a."PasswordHash", a."PhoneNumber", a."PhoneNumberConfirmed", a."SecurityStamp", a."Surname", a."TransactionHistory", a."TwoFactorEnabled", a."UserName"
FROM "AspNetUsers" AS a
WHERE a."Id" = @__NationalId_0
LIMIT 1
[2023-12-05 11:26:56.662 +01:00  INF]  Executed DbCommand (1ms) [Parameters=[@__NationalId_0='?'], CommandType='"Text"', CommandTimeout='30']
SELECT a."Id", a."AccessFailedCount", a."ConcurrencyStamp", a."CustomerNumber", a."DateOfBirth", a."Email", a."EmailConfirmed", a."LockoutEnabled", a."LockoutEnd", a."Name", a."NationalId", a."NormalizedEmail", a."NormalizedUserName", a."PasswordHash", a."PhoneNumber", a."PhoneNumberConfirmed", a."SecurityStamp", a."Surname", a."TransactionHistory", a."TwoFactorEnabled", a."UserName"
FROM "AspNetUsers" AS a
WHERE a."Id" = @__NationalId_0
LIMIT 1
[2023-12-05 11:28:56.675 +01:00  INF]  User profile is available. Using 'C:\Users\ChukwukaOkpalaugo\AppData\Local\ASP.NET\DataProtection-Keys' as key repository and Windows DPAPI to encrypt keys at rest.
[2023-12-05 11:28:57.301 +01:00  INF]  Now listening on: https://localhost:7214
[2023-12-05 11:28:57.301 +01:00  INF]  Now listening on: http://localhost:5223
[2023-12-05 11:28:57.315 +01:00  INF]  Application started. Press Ctrl+C to shut down.
[2023-12-05 11:28:57.315 +01:00  INF]  Hosting environment: Development
[2023-12-05 11:28:57.315 +01:00  INF]  Content root path: C:\Users\ChukwukaOkpalaugo\Documents\Okpalaugo Chukwuka\Peabux Payment System API\PaymentSystemAPI\
[2023-12-05 11:28:58.651 +01:00  INF]  Request starting HTTP/2 GET https://localhost:7214/swagger/index.html - -
[2023-12-05 11:28:59.849 +01:00  INF]  Request starting HTTP/2 GET https://localhost:7214/_framework/aspnetcore-browser-refresh.js - -
[2023-12-05 11:28:59.861 +01:00  INF]  Request finished HTTP/2 GET https://localhost:7214/swagger/index.html - - - 200 - text/html;charset=utf-8 1226.5417ms
[2023-12-05 11:28:59.889 +01:00  INF]  Request starting HTTP/2 GET https://localhost:7214/_vs/browserLink - -
[2023-12-05 11:28:59.891 +01:00  INF]  Request finished HTTP/2 GET https://localhost:7214/_framework/aspnetcore-browser-refresh.js - - - 200 12002 application/javascript;+charset=utf-8 41.9673ms
[2023-12-05 11:29:00.437 +01:00  INF]  Request finished HTTP/2 GET https://localhost:7214/_vs/browserLink - - - 200 - text/javascript;+charset=UTF-8 547.3052ms
[2023-12-05 11:29:00.573 +01:00  INF]  Request starting HTTP/2 GET https://localhost:7214/swagger/v1/swagger.json - -
[2023-12-05 11:29:01.190 +01:00  INF]  Request finished HTTP/2 GET https://localhost:7214/swagger/v1/swagger.json - - - 200 - application/json;charset=utf-8 617.3275ms
[2023-12-05 11:29:53.410 +01:00  INF]  Request starting HTTP/2 POST https://localhost:7214/api/v1/Customer application/json 192
[2023-12-05 11:29:53.450 +01:00  INF]  Executing endpoint 'PaymentSystemAPI.Controllers.CustomerController.InsertCustomer (PaymentSystemAPI)'
[2023-12-05 11:29:53.548 +01:00  INF]  Route matched with {action = "InsertCustomer", controller = "Customer"}. Executing controller action with signature System.Threading.Tasks.Task`1[Microsoft.AspNetCore.Mvc.IActionResult] InsertCustomer(PaymentSystem.Core.DTOs.CustomerRequestDto) on controller PaymentSystemAPI.Controllers.CustomerController (PaymentSystemAPI).
[2023-12-05 11:29:58.315 +01:00  INF]  Entity Framework Core 6.0.25 initialized 'CustomerDbContext' using provider 'Npgsql.EntityFrameworkCore.PostgreSQL:6.0.22+7b04a420e2d10ef5ef0db6abe49a6ad53a2f8653' with options: MaxPoolSize=1024 
[2023-12-05 11:30:00.864 +01:00  INF]  Inserting customer details...
[2023-12-05 11:30:09.158 +01:00  INF]  Executed DbCommand (294ms) [Parameters=[@__NationalId_0='?'], CommandType='"Text"', CommandTimeout='30']
SELECT a."Id", a."AccessFailedCount", a."ConcurrencyStamp", a."CustomerNumber", a."DateOfBirth", a."Email", a."EmailConfirmed", a."LockoutEnabled", a."LockoutEnd", a."Name", a."NationalId", a."NormalizedEmail", a."NormalizedUserName", a."PasswordHash", a."PhoneNumber", a."PhoneNumberConfirmed", a."SecurityStamp", a."Surname", a."TransactionHistory", a."TwoFactorEnabled", a."UserName"
FROM "AspNetUsers" AS a
WHERE a."NationalId" = @__NationalId_0
LIMIT 1
[2023-12-05 11:30:56.569 +01:00  INF]  User profile is available. Using 'C:\Users\ChukwukaOkpalaugo\AppData\Local\ASP.NET\DataProtection-Keys' as key repository and Windows DPAPI to encrypt keys at rest.
[2023-12-05 11:30:56.831 +01:00  INF]  Now listening on: https://localhost:7214
[2023-12-05 11:30:56.831 +01:00  INF]  Now listening on: http://localhost:5223
[2023-12-05 11:30:56.840 +01:00  INF]  Application started. Press Ctrl+C to shut down.
[2023-12-05 11:30:56.840 +01:00  INF]  Hosting environment: Development
[2023-12-05 11:30:56.840 +01:00  INF]  Content root path: C:\Users\ChukwukaOkpalaugo\Documents\Okpalaugo Chukwuka\Peabux Payment System API\PaymentSystemAPI\
[2023-12-05 11:31:07.293 +01:00  INF]  User profile is available. Using 'C:\Users\ChukwukaOkpalaugo\AppData\Local\ASP.NET\DataProtection-Keys' as key repository and Windows DPAPI to encrypt keys at rest.
[2023-12-05 11:31:07.861 +01:00  INF]  Now listening on: https://localhost:7214
[2023-12-05 11:31:07.861 +01:00  INF]  Now listening on: http://localhost:5223
[2023-12-05 11:31:07.883 +01:00  INF]  Application started. Press Ctrl+C to shut down.
[2023-12-05 11:31:07.883 +01:00  INF]  Hosting environment: Development
[2023-12-05 11:31:07.883 +01:00  INF]  Content root path: C:\Users\ChukwukaOkpalaugo\Documents\Okpalaugo Chukwuka\Peabux Payment System API\PaymentSystemAPI\
[2023-12-05 11:31:09.700 +01:00  INF]  Request starting HTTP/2 GET https://localhost:7214/swagger/index.html - -
[2023-12-05 11:31:11.524 +01:00  INF]  Request finished HTTP/2 GET https://localhost:7214/swagger/index.html - - - 200 - text/html;charset=utf-8 1840.4739ms
[2023-12-05 11:31:12.018 +01:00  INF]  Request starting HTTP/2 GET https://localhost:7214/_framework/aspnetcore-browser-refresh.js - -
[2023-12-05 11:31:12.108 +01:00  INF]  Request finished HTTP/2 GET https://localhost:7214/_framework/aspnetcore-browser-refresh.js - - - 200 12002 application/javascript;+charset=utf-8 92.3579ms
[2023-12-05 11:31:12.382 +01:00  INF]  Request starting HTTP/2 GET https://localhost:7214/_vs/browserLink - -
[2023-12-05 11:31:12.623 +01:00  INF]  Request finished HTTP/2 GET https://localhost:7214/_vs/browserLink - - - 200 - text/javascript;+charset=UTF-8 241.1413ms
[2023-12-05 11:31:12.741 +01:00  INF]  Request starting HTTP/2 GET https://localhost:7214/swagger/v1/swagger.json - -
[2023-12-05 11:31:13.300 +01:00  INF]  Request finished HTTP/2 GET https://localhost:7214/swagger/v1/swagger.json - - - 200 - application/json;charset=utf-8 559.0485ms
[2023-12-05 11:31:23.997 +01:00  INF]  Request starting HTTP/2 POST https://localhost:7214/api/v1/Customer application/json 192
[2023-12-05 11:31:24.020 +01:00  INF]  Executing endpoint 'PaymentSystemAPI.Controllers.CustomerController.InsertCustomer (PaymentSystemAPI)'
[2023-12-05 11:31:24.112 +01:00  INF]  Route matched with {action = "InsertCustomer", controller = "Customer"}. Executing controller action with signature System.Threading.Tasks.Task`1[Microsoft.AspNetCore.Mvc.IActionResult] InsertCustomer(PaymentSystem.Core.DTOs.CustomerRequestDto) on controller PaymentSystemAPI.Controllers.CustomerController (PaymentSystemAPI).
[2023-12-05 11:31:30.577 +01:00  INF]  Entity Framework Core 6.0.25 initialized 'CustomerDbContext' using provider 'Npgsql.EntityFrameworkCore.PostgreSQL:6.0.22+7b04a420e2d10ef5ef0db6abe49a6ad53a2f8653' with options: MaxPoolSize=1024 
[2023-12-05 11:31:32.813 +01:00  INF]  Inserting customer details...
[2023-12-05 11:31:37.016 +01:00  INF]  Executed DbCommand (291ms) [Parameters=[@__NationalId_0='?'], CommandType='"Text"', CommandTimeout='30']
SELECT a."Id", a."AccessFailedCount", a."ConcurrencyStamp", a."CustomerNumber", a."DateOfBirth", a."Email", a."EmailConfirmed", a."LockoutEnabled", a."LockoutEnd", a."Name", a."NationalId", a."NormalizedEmail", a."NormalizedUserName", a."PasswordHash", a."PhoneNumber", a."PhoneNumberConfirmed", a."SecurityStamp", a."Surname", a."TransactionHistory", a."TwoFactorEnabled", a."UserName"
FROM "AspNetUsers" AS a
WHERE a."NationalId" = @__NationalId_0
LIMIT 1
[2023-12-05 11:33:11.221 +01:00  INF]  Executed DbCommand (53ms) [Parameters=[@p0='?', @p1='?' (DbType = Int32), @p2='?', @p3='?', @p4='?' (DbType = DateTime), @p5='?', @p6='?' (DbType = Boolean), @p7='?' (DbType = Boolean), @p8='?' (DbType = DateTime), @p9='?', @p10='?', @p11='?', @p12='?', @p13='?', @p14='?', @p15='?' (DbType = Boolean), @p16='?', @p17='?', @p18='?', @p19='?' (DbType = Boolean), @p20='?'], CommandType='"Text"', CommandTimeout='30']
INSERT INTO "AspNetUsers" ("Id", "AccessFailedCount", "ConcurrencyStamp", "CustomerNumber", "DateOfBirth", "Email", "EmailConfirmed", "LockoutEnabled", "LockoutEnd", "Name", "NationalId", "NormalizedEmail", "NormalizedUserName", "PasswordHash", "PhoneNumber", "PhoneNumberConfirmed", "SecurityStamp", "Surname", "TransactionHistory", "TwoFactorEnabled", "UserName")
VALUES (@p0, @p1, @p2, @p3, @p4, @p5, @p6, @p7, @p8, @p9, @p10, @p11, @p12, @p13, @p14, @p15, @p16, @p17, @p18, @p19, @p20);
[2023-12-05 11:33:11.394 +01:00  INF]  Customer detials successfully saved: System.Runtime.CompilerServices.AsyncTaskMethodBuilder`1+AsyncStateMachineBox`1[System.Threading.Tasks.VoidTaskResult,System.Runtime.CompilerServices.IAsyncStateMachine]
[2023-12-05 11:33:11.422 +01:00  INF]  Executing ObjectResult, writing value of type 'PaymentSystem.Core.DTOs.ResponseDto`1[[System.Boolean, System.Private.CoreLib, Version=6.0.0.0, Culture=neutral, PublicKeyToken=7cec85d7bea7798e]]'.
[2023-12-05 11:33:11.463 +01:00  INF]  Executed action PaymentSystemAPI.Controllers.CustomerController.InsertCustomer (PaymentSystemAPI) in 107323.2298ms
[2023-12-05 11:33:11.469 +01:00  INF]  Executed endpoint 'PaymentSystemAPI.Controllers.CustomerController.InsertCustomer (PaymentSystemAPI)'
[2023-12-05 11:33:11.514 +01:00  INF]  Request finished HTTP/2 POST https://localhost:7214/api/v1/Customer application/json 192 - 201 - application/json;+charset=utf-8 107517.4697ms
