[2023-12-06 06:57:48.396 +01:00  INF]  User profile is available. Using 'C:\Users\ChukwukaOkpalaugo\AppData\Local\ASP.NET\DataProtection-Keys' as key repository and Windows DPAPI to encrypt keys at rest.
[2023-12-06 06:57:51.876 +01:00  INF]  Now listening on: https://localhost:7214
[2023-12-06 06:57:51.876 +01:00  INF]  Now listening on: http://localhost:5223
[2023-12-06 06:57:51.884 +01:00  INF]  Application started. Press Ctrl+C to shut down.
[2023-12-06 06:57:51.884 +01:00  INF]  Hosting environment: Development
[2023-12-06 06:57:51.884 +01:00  INF]  Content root path: C:\Users\ChukwukaOkpalaugo\Documents\Okpalaugo Chukwuka\Peabux Payment System API\PaymentSystemAPI\
[2023-12-06 06:57:59.662 +01:00  INF]  Request starting HTTP/2 GET https://localhost:7214/swagger/index.html - -
[2023-12-06 06:58:02.157 +01:00  INF]  Request starting HTTP/2 GET https://localhost:7214/_framework/aspnetcore-browser-refresh.js - -
[2023-12-06 06:58:02.180 +01:00  INF]  Request starting HTTP/2 GET https://localhost:7214/_vs/browserLink - -
[2023-12-06 06:58:02.211 +01:00  INF]  Request finished HTTP/2 GET https://localhost:7214/_framework/aspnetcore-browser-refresh.js - - - 200 12002 application/javascript;+charset=utf-8 51.4075ms
[2023-12-06 06:58:02.340 +01:00  INF]  Request finished HTTP/2 GET https://localhost:7214/swagger/index.html - - - 200 - text/html;charset=utf-8 2698.4709ms
[2023-12-06 06:58:02.552 +01:00  INF]  Request finished HTTP/2 GET https://localhost:7214/_vs/browserLink - - - 200 - text/javascript;+charset=UTF-8 372.0749ms
[2023-12-06 06:58:02.746 +01:00  INF]  Request starting HTTP/2 GET https://localhost:7214/swagger/v1/swagger.json - -
[2023-12-06 06:58:03.472 +01:00  INF]  Request finished HTTP/2 GET https://localhost:7214/swagger/v1/swagger.json - - - 200 - application/json;charset=utf-8 725.7421ms
[2023-12-06 06:59:45.479 +01:00  INF]  User profile is available. Using 'C:\Users\ChukwukaOkpalaugo\AppData\Local\ASP.NET\DataProtection-Keys' as key repository and Windows DPAPI to encrypt keys at rest.
[2023-12-06 06:59:46.153 +01:00  INF]  Now listening on: https://localhost:7214
[2023-12-06 06:59:46.153 +01:00  INF]  Now listening on: http://localhost:5223
[2023-12-06 06:59:46.182 +01:00  INF]  Application started. Press Ctrl+C to shut down.
[2023-12-06 06:59:46.183 +01:00  INF]  Hosting environment: Development
[2023-12-06 06:59:46.183 +01:00  INF]  Content root path: C:\Users\ChukwukaOkpalaugo\Documents\Okpalaugo Chukwuka\Peabux Payment System API\PaymentSystemAPI\
[2023-12-06 06:59:49.554 +01:00  INF]  Request starting HTTP/2 GET https://localhost:7214/swagger/index.html - -
[2023-12-06 06:59:51.828 +01:00  INF]  Request finished HTTP/2 GET https://localhost:7214/swagger/index.html - - - 200 - text/html;charset=utf-8 2309.0428ms
[2023-12-06 06:59:51.974 +01:00  INF]  Request starting HTTP/2 GET https://localhost:7214/_framework/aspnetcore-browser-refresh.js - -
[2023-12-06 06:59:52.029 +01:00  INF]  Request starting HTTP/2 GET https://localhost:7214/_vs/browserLink - -
[2023-12-06 06:59:52.033 +01:00  INF]  Request finished HTTP/2 GET https://localhost:7214/_framework/aspnetcore-browser-refresh.js - - - 200 12002 application/javascript;+charset=utf-8 59.4965ms
[2023-12-06 06:59:52.419 +01:00  INF]  Request finished HTTP/2 GET https://localhost:7214/_vs/browserLink - - - 200 - text/javascript;+charset=UTF-8 389.6707ms
[2023-12-06 06:59:52.748 +01:00  INF]  Request starting HTTP/2 GET https://localhost:7214/swagger/v1/swagger.json - -
[2023-12-06 06:59:53.463 +01:00  INF]  Request finished HTTP/2 GET https://localhost:7214/swagger/v1/swagger.json - - - 200 - application/json;charset=utf-8 714.7491ms
[2023-12-06 07:00:43.627 +01:00  INF]  User profile is available. Using 'C:\Users\ChukwukaOkpalaugo\AppData\Local\ASP.NET\DataProtection-Keys' as key repository and Windows DPAPI to encrypt keys at rest.
[2023-12-06 07:00:44.251 +01:00  INF]  Now listening on: https://localhost:7214
[2023-12-06 07:00:44.251 +01:00  INF]  Now listening on: http://localhost:5223
[2023-12-06 07:00:44.256 +01:00  INF]  Application started. Press Ctrl+C to shut down.
[2023-12-06 07:00:44.257 +01:00  INF]  Hosting environment: Development
[2023-12-06 07:00:44.257 +01:00  INF]  Content root path: C:\Users\ChukwukaOkpalaugo\Documents\Okpalaugo Chukwuka\Peabux Payment System API\PaymentSystemAPI\
[2023-12-06 07:00:47.639 +01:00  INF]  Request starting HTTP/2 GET https://localhost:7214/swagger/index.html - -
[2023-12-06 07:00:48.647 +01:00  INF]  Request finished HTTP/2 GET https://localhost:7214/swagger/index.html - - - 200 - text/html;charset=utf-8 1020.4334ms
[2023-12-06 07:00:48.663 +01:00  INF]  Request starting HTTP/2 GET https://localhost:7214/_framework/aspnetcore-browser-refresh.js - -
[2023-12-06 07:00:48.673 +01:00  INF]  Request starting HTTP/2 GET https://localhost:7214/_vs/browserLink - -
[2023-12-06 07:00:48.705 +01:00  INF]  Request finished HTTP/2 GET https://localhost:7214/_framework/aspnetcore-browser-refresh.js - - - 200 12002 application/javascript;+charset=utf-8 42.3401ms
[2023-12-06 07:00:48.914 +01:00  INF]  Request finished HTTP/2 GET https://localhost:7214/_vs/browserLink - - - 200 - text/javascript;+charset=UTF-8 241.0728ms
[2023-12-06 07:00:49.268 +01:00  INF]  Request starting HTTP/2 GET https://localhost:7214/swagger/v1/swagger.json - -
[2023-12-06 07:00:49.919 +01:00  INF]  Request finished HTTP/2 GET https://localhost:7214/swagger/v1/swagger.json - - - 200 - application/json;charset=utf-8 650.9906ms
[2023-12-06 07:01:02.858 +01:00  INF]  Request starting HTTP/2 GET https://localhost:7214/api/v1/Merchant/get-merchant-details?merchantNumber=47594837465 - -
[2023-12-06 07:01:02.886 +01:00  INF]  Executing endpoint 'PaymentSystemAPI.Controllers.MerchantController.GetMerchantByNumber (PaymentSystemAPI)'
[2023-12-06 07:01:02.993 +01:00  INF]  Route matched with {action = "GetMerchantByNumber", controller = "Merchant"}. Executing controller action with signature System.Threading.Tasks.Task`1[Microsoft.AspNetCore.Mvc.IActionResult] GetMerchantByNumber(Int64) on controller PaymentSystemAPI.Controllers.MerchantController (PaymentSystemAPI).
[2023-12-06 07:01:08.413 +01:00  INF]  Entity Framework Core 6.0.25 initialized 'CustomerDbContext' using provider 'Npgsql.EntityFrameworkCore.PostgreSQL:6.0.22+7b04a420e2d10ef5ef0db6abe49a6ad53a2f8653' with options: MaxPoolSize=1024 
[2023-12-06 07:01:08.502 +01:00  INF]  Getting merchant details...
[2023-12-06 07:01:15.368 +01:00  INF]  Getting customer details...NationalId: 47594837465
[2023-12-06 07:01:19.659 +01:00  INF]  Executed DbCommand (307ms) [Parameters=[@__merchantNumber_0='?' (DbType = Int64)], CommandType='"Text"', CommandTimeout='30']
SELECT m."MerchantNumber", m."AverageTransactionVolume", m."BusinessIdNumber", m."BusinessName", m."ContactName", m."ContactSurname", m."DateOfEstablishment"
FROM "Merchant" AS m
WHERE m."MerchantNumber" = @__merchantNumber_0
LIMIT 1
[2023-12-06 07:01:28.518 +01:00  INF]  Executing ObjectResult, writing value of type 'PaymentSystem.Core.DTOs.ResponseDto`1[[PaymentSystem.Core.DTOs.MerchantResponseDto, PaymentSystem.Core, Version=1.0.0.0, Culture=neutral, PublicKeyToken=null]]'.
[2023-12-06 07:01:28.543 +01:00  INF]  Executed action PaymentSystemAPI.Controllers.MerchantController.GetMerchantByNumber (PaymentSystemAPI) in 25536.2995ms
[2023-12-06 07:01:28.548 +01:00  INF]  Executed endpoint 'PaymentSystemAPI.Controllers.MerchantController.GetMerchantByNumber (PaymentSystemAPI)'
[2023-12-06 07:01:28.588 +01:00  INF]  Request finished HTTP/2 GET https://localhost:7214/api/v1/Merchant/get-merchant-details?merchantNumber=47594837465 - - - 404 - application/json;+charset=utf-8 25730.7306ms
[2023-12-06 07:02:05.556 +01:00  INF]  User profile is available. Using 'C:\Users\ChukwukaOkpalaugo\AppData\Local\ASP.NET\DataProtection-Keys' as key repository and Windows DPAPI to encrypt keys at rest.
[2023-12-06 07:02:07.557 +01:00  INF]  Now listening on: https://localhost:7214
[2023-12-06 07:02:07.557 +01:00  INF]  Now listening on: http://localhost:5223
[2023-12-06 07:02:07.563 +01:00  INF]  Application started. Press Ctrl+C to shut down.
[2023-12-06 07:02:07.563 +01:00  INF]  Hosting environment: Development
[2023-12-06 07:02:07.563 +01:00  INF]  Content root path: C:\Users\ChukwukaOkpalaugo\Documents\Okpalaugo Chukwuka\Peabux Payment System API\PaymentSystemAPI\
[2023-12-06 07:02:12.461 +01:00  INF]  Request starting HTTP/2 GET https://localhost:7214/swagger/index.html - -
[2023-12-06 07:02:13.396 +01:00  INF]  Request starting HTTP/2 GET https://localhost:7214/_framework/aspnetcore-browser-refresh.js - -
[2023-12-06 07:02:13.422 +01:00  INF]  Request finished HTTP/2 GET https://localhost:7214/swagger/index.html - - - 200 - text/html;charset=utf-8 968.5919ms
[2023-12-06 07:02:13.425 +01:00  INF]  Request finished HTTP/2 GET https://localhost:7214/_framework/aspnetcore-browser-refresh.js - - - 200 12002 application/javascript;+charset=utf-8 28.3064ms
[2023-12-06 07:02:13.504 +01:00  INF]  Request starting HTTP/2 GET https://localhost:7214/_vs/browserLink - -
[2023-12-06 07:02:13.809 +01:00  INF]  Request finished HTTP/2 GET https://localhost:7214/_vs/browserLink - - - 200 - text/javascript;+charset=UTF-8 304.5037ms
[2023-12-06 07:02:14.118 +01:00  INF]  Request starting HTTP/2 GET https://localhost:7214/swagger/v1/swagger.json - -
[2023-12-06 07:02:14.694 +01:00  INF]  Request finished HTTP/2 GET https://localhost:7214/swagger/v1/swagger.json - - - 200 - application/json;charset=utf-8 576.8123ms
[2023-12-06 07:03:18.932 +01:00  INF]  Request starting HTTP/2 POST https://localhost:7214/api/v1/Merchant/insert-merchant-details application/json 222
[2023-12-06 07:03:18.956 +01:00  INF]  Executing endpoint 'PaymentSystemAPI.Controllers.MerchantController.InsertMerchant (PaymentSystemAPI)'
[2023-12-06 07:03:19.043 +01:00  INF]  Route matched with {action = "InsertMerchant", controller = "Merchant"}. Executing controller action with signature System.Threading.Tasks.Task`1[Microsoft.AspNetCore.Mvc.IActionResult] InsertMerchant(PaymentSystem.Core.DTOs.MerchantRequestDto) on controller PaymentSystemAPI.Controllers.MerchantController (PaymentSystemAPI).
[2023-12-06 07:03:24.022 +01:00  INF]  Entity Framework Core 6.0.25 initialized 'CustomerDbContext' using provider 'Npgsql.EntityFrameworkCore.PostgreSQL:6.0.22+7b04a420e2d10ef5ef0db6abe49a6ad53a2f8653' with options: MaxPoolSize=1024 
[2023-12-06 07:03:24.158 +01:00  INF]  Executing BadRequestObjectResult, writing value of type 'Microsoft.AspNetCore.Mvc.ValidationProblemDetails'.
[2023-12-06 07:03:24.185 +01:00  INF]  Executed action PaymentSystemAPI.Controllers.MerchantController.InsertMerchant (PaymentSystemAPI) in 5126.5407ms
[2023-12-06 07:03:24.194 +01:00  INF]  Executed endpoint 'PaymentSystemAPI.Controllers.MerchantController.InsertMerchant (PaymentSystemAPI)'
[2023-12-06 07:03:24.238 +01:00  INF]  Request finished HTTP/2 POST https://localhost:7214/api/v1/Merchant/insert-merchant-details application/json 222 - 400 - application/json;+charset=utf-8 5306.1801ms
[2023-12-06 07:07:45.171 +01:00  INF]  User profile is available. Using 'C:\Users\ChukwukaOkpalaugo\AppData\Local\ASP.NET\DataProtection-Keys' as key repository and Windows DPAPI to encrypt keys at rest.
[2023-12-06 07:07:45.815 +01:00  INF]  Now listening on: https://localhost:7214
[2023-12-06 07:07:45.815 +01:00  INF]  Now listening on: http://localhost:5223
[2023-12-06 07:07:45.827 +01:00  INF]  Application started. Press Ctrl+C to shut down.
[2023-12-06 07:07:45.827 +01:00  INF]  Hosting environment: Development
[2023-12-06 07:07:45.827 +01:00  INF]  Content root path: C:\Users\ChukwukaOkpalaugo\Documents\Okpalaugo Chukwuka\Peabux Payment System API\PaymentSystemAPI\
[2023-12-06 07:07:49.297 +01:00  INF]  Request starting HTTP/2 GET https://localhost:7214/swagger/index.html - -
[2023-12-06 07:07:50.388 +01:00  INF]  Request starting HTTP/2 GET https://localhost:7214/_framework/aspnetcore-browser-refresh.js - -
[2023-12-06 07:07:50.453 +01:00  INF]  Request starting HTTP/2 GET https://localhost:7214/_vs/browserLink - -
[2023-12-06 07:07:50.680 +01:00  INF]  Request finished HTTP/2 GET https://localhost:7214/swagger/index.html - - - 200 - text/html;charset=utf-8 1393.8355ms
[2023-12-06 07:07:50.680 +01:00  INF]  Request finished HTTP/2 GET https://localhost:7214/_framework/aspnetcore-browser-refresh.js - - - 200 12002 application/javascript;+charset=utf-8 291.0661ms
[2023-12-06 07:07:50.774 +01:00  INF]  Request finished HTTP/2 GET https://localhost:7214/_vs/browserLink - - - 200 - text/javascript;+charset=UTF-8 320.8311ms
[2023-12-06 07:07:51.106 +01:00  INF]  Request starting HTTP/2 GET https://localhost:7214/swagger/v1/swagger.json - -
[2023-12-06 07:07:51.591 +01:00  INF]  Request finished HTTP/2 GET https://localhost:7214/swagger/v1/swagger.json - - - 200 - application/json;charset=utf-8 483.9691ms
[2023-12-06 07:08:02.044 +01:00  INF]  Request starting HTTP/2 POST https://localhost:7214/api/v1/Customer/insert-customer-details application/json 222
[2023-12-06 07:08:02.074 +01:00  INF]  Executing endpoint 'PaymentSystemAPI.Controllers.CustomerController.InsertCustomer (PaymentSystemAPI)'
[2023-12-06 07:08:02.166 +01:00  INF]  Route matched with {action = "InsertCustomer", controller = "Customer"}. Executing controller action with signature System.Threading.Tasks.Task`1[Microsoft.AspNetCore.Mvc.IActionResult] InsertCustomer(PaymentSystem.Core.DTOs.CustomerRequestDto) on controller PaymentSystemAPI.Controllers.CustomerController (PaymentSystemAPI).
[2023-12-06 07:08:07.908 +01:00  INF]  Entity Framework Core 6.0.25 initialized 'CustomerDbContext' using provider 'Npgsql.EntityFrameworkCore.PostgreSQL:6.0.22+7b04a420e2d10ef5ef0db6abe49a6ad53a2f8653' with options: MaxPoolSize=1024 
[2023-12-06 07:08:08.057 +01:00  INF]  Executing BadRequestObjectResult, writing value of type 'Microsoft.AspNetCore.Mvc.ValidationProblemDetails'.
[2023-12-06 07:08:08.092 +01:00  INF]  Executed action PaymentSystemAPI.Controllers.CustomerController.InsertCustomer (PaymentSystemAPI) in 5906.1226ms
[2023-12-06 07:08:08.100 +01:00  INF]  Executed endpoint 'PaymentSystemAPI.Controllers.CustomerController.InsertCustomer (PaymentSystemAPI)'
[2023-12-06 07:08:08.141 +01:00  INF]  Request finished HTTP/2 POST https://localhost:7214/api/v1/Customer/insert-customer-details application/json 222 - 400 - application/json;+charset=utf-8 6097.3389ms
[2023-12-06 07:09:11.242 +01:00  INF]  Request starting HTTP/2 POST https://localhost:7214/api/v1/Merchant/insert-merchant-details application/json 222
[2023-12-06 07:09:11.259 +01:00  INF]  Executing endpoint 'PaymentSystemAPI.Controllers.MerchantController.InsertMerchant (PaymentSystemAPI)'
[2023-12-06 07:09:11.268 +01:00  INF]  Route matched with {action = "InsertMerchant", controller = "Merchant"}. Executing controller action with signature System.Threading.Tasks.Task`1[Microsoft.AspNetCore.Mvc.IActionResult] InsertMerchant(PaymentSystem.Core.DTOs.MerchantRequestDto) on controller PaymentSystemAPI.Controllers.MerchantController (PaymentSystemAPI).
[2023-12-06 07:09:11.297 +01:00  INF]  Executed action PaymentSystemAPI.Controllers.MerchantController.InsertMerchant (PaymentSystemAPI) in 28.1975ms
[2023-12-06 07:09:11.300 +01:00  INF]  Executed endpoint 'PaymentSystemAPI.Controllers.MerchantController.InsertMerchant (PaymentSystemAPI)'
[2023-12-06 07:09:11.315 +01:00  ERR]  An unhandled exception has occurred while executing the request.
System.InvalidCastException: Unable to cast object of type 'System.Int64' to type 'System.String'.
   at System.ComponentModel.DataAnnotations.StringLengthAttribute.IsValid(Object value)
   at System.ComponentModel.DataAnnotations.ValidationAttribute.IsValid(Object value, ValidationContext validationContext)
   at System.ComponentModel.DataAnnotations.ValidationAttribute.GetValidationResult(Object value, ValidationContext validationContext)
   at Microsoft.AspNetCore.Mvc.DataAnnotations.DataAnnotationsModelValidator.Validate(ModelValidationContext validationContext)
   at Microsoft.AspNetCore.Mvc.ModelBinding.Validation.ValidationVisitor.ValidateNode()
   at Microsoft.AspNetCore.Mvc.ModelBinding.Validation.ValidationVisitor.VisitSimpleType()
   at Microsoft.AspNetCore.Mvc.ModelBinding.Validation.ValidationVisitor.VisitImplementation(ModelMetadata& metadata, String& key, Object model)
   at Microsoft.AspNetCore.Mvc.ModelBinding.Validation.ValidationVisitor.Visit(ModelMetadata metadata, String key, Object model)
   at Microsoft.AspNetCore.Mvc.ModelBinding.Validation.ValidationVisitor.VisitChildren(IValidationStrategy strategy)
   at Microsoft.AspNetCore.Mvc.ModelBinding.Validation.ValidationVisitor.VisitComplexType(IValidationStrategy defaultStrategy)
   at Microsoft.AspNetCore.Mvc.ModelBinding.Validation.ValidationVisitor.VisitImplementation(ModelMetadata& metadata, String& key, Object model)
   at Microsoft.AspNetCore.Mvc.ModelBinding.Validation.ValidationVisitor.Visit(ModelMetadata metadata, String key, Object model)
   at Microsoft.AspNetCore.Mvc.ModelBinding.Validation.ValidationVisitor.Validate(ModelMetadata metadata, String key, Object model, Boolean alwaysValidateAtTopLevel, Object container)
   at Microsoft.AspNetCore.Mvc.ModelBinding.ObjectModelValidator.Validate(ActionContext actionContext, ValidationStateDictionary validationState, String prefix, Object model, ModelMetadata metadata, Object container)
   at Microsoft.AspNetCore.Mvc.ModelBinding.ParameterBinder.EnforceBindRequiredAndValidate(ObjectModelValidator baseObjectValidator, ActionContext actionContext, ParameterDescriptor parameter, ModelMetadata metadata, ModelBindingContext modelBindingContext, ModelBindingResult modelBindingResult, Object container)
   at Microsoft.AspNetCore.Mvc.ModelBinding.ParameterBinder.BindModelAsync(ActionContext actionContext, IModelBinder modelBinder, IValueProvider valueProvider, ParameterDescriptor parameter, ModelMetadata metadata, Object value, Object container)
   at Microsoft.AspNetCore.Mvc.Controllers.ControllerBinderDelegateProvider.<>c__DisplayClass0_0.<<CreateBinderDelegate>g__Bind|0>d.MoveNext()
--- End of stack trace from previous location ---
   at Microsoft.AspNetCore.Mvc.Infrastructure.ControllerActionInvoker.<InvokeInnerFilterAsync>g__Awaited|13_0(ControllerActionInvoker invoker, Task lastTask, State next, Scope scope, Object state, Boolean isCompleted)
   at Microsoft.AspNetCore.Mvc.Infrastructure.ResourceInvoker.<InvokeNextResourceFilter>g__Awaited|25_0(ResourceInvoker invoker, Task lastTask, State next, Scope scope, Object state, Boolean isCompleted)
   at Microsoft.AspNetCore.Mvc.Infrastructure.ResourceInvoker.Rethrow(ResourceExecutedContextSealed context)
   at Microsoft.AspNetCore.Mvc.Infrastructure.ResourceInvoker.Next(State& next, Scope& scope, Object& state, Boolean& isCompleted)
   at Microsoft.AspNetCore.Mvc.Infrastructure.ResourceInvoker.InvokeFilterPipelineAsync()
--- End of stack trace from previous location ---
   at Microsoft.AspNetCore.Mvc.Infrastructure.ResourceInvoker.<InvokeAsync>g__Logged|17_1(ResourceInvoker invoker)
   at Microsoft.AspNetCore.Mvc.Infrastructure.ResourceInvoker.<InvokeAsync>g__Logged|17_1(ResourceInvoker invoker)
   at Microsoft.AspNetCore.Routing.EndpointMiddleware.<Invoke>g__AwaitRequestTask|6_0(Endpoint endpoint, Task requestTask, ILogger logger)
   at Microsoft.AspNetCore.Authorization.AuthorizationMiddleware.Invoke(HttpContext context)
   at Swashbuckle.AspNetCore.SwaggerUI.SwaggerUIMiddleware.Invoke(HttpContext httpContext)
   at Swashbuckle.AspNetCore.Swagger.SwaggerMiddleware.Invoke(HttpContext httpContext, ISwaggerProvider swaggerProvider)
   at Microsoft.AspNetCore.Diagnostics.DeveloperExceptionPageMiddleware.Invoke(HttpContext context)
[2023-12-06 07:09:11.409 +01:00  INF]  Request finished HTTP/2 POST https://localhost:7214/api/v1/Merchant/insert-merchant-details application/json 222 - 500 - text/plain;+charset=utf-8 167.0759ms
[2023-12-06 07:10:25.688 +01:00  INF]  User profile is available. Using 'C:\Users\ChukwukaOkpalaugo\AppData\Local\ASP.NET\DataProtection-Keys' as key repository and Windows DPAPI to encrypt keys at rest.
[2023-12-06 07:10:26.335 +01:00  INF]  Now listening on: https://localhost:7214
[2023-12-06 07:10:26.335 +01:00  INF]  Now listening on: http://localhost:5223
[2023-12-06 07:10:26.351 +01:00  INF]  Application started. Press Ctrl+C to shut down.
[2023-12-06 07:10:26.351 +01:00  INF]  Hosting environment: Development
[2023-12-06 07:10:26.351 +01:00  INF]  Content root path: C:\Users\ChukwukaOkpalaugo\Documents\Okpalaugo Chukwuka\Peabux Payment System API\PaymentSystemAPI\
[2023-12-06 07:10:29.430 +01:00  INF]  Request starting HTTP/2 GET https://localhost:7214/swagger/index.html - -
[2023-12-06 07:10:30.545 +01:00  INF]  Request starting HTTP/2 GET https://localhost:7214/_framework/aspnetcore-browser-refresh.js - -
[2023-12-06 07:10:30.608 +01:00  INF]  Request finished HTTP/2 GET https://localhost:7214/_framework/aspnetcore-browser-refresh.js - - - 200 12002 application/javascript;+charset=utf-8 32.7985ms
[2023-12-06 07:10:30.643 +01:00  INF]  Request starting HTTP/2 GET https://localhost:7214/_vs/browserLink - -
[2023-12-06 07:10:30.689 +01:00  INF]  Request finished HTTP/2 GET https://localhost:7214/swagger/index.html - - - 200 - text/html;charset=utf-8 1269.7528ms
[2023-12-06 07:10:31.116 +01:00  INF]  Request finished HTTP/2 GET https://localhost:7214/_vs/browserLink - - - 200 - text/javascript;+charset=UTF-8 473.6546ms
[2023-12-06 07:10:31.364 +01:00  INF]  Request starting HTTP/2 GET https://localhost:7214/swagger/v1/swagger.json - -
[2023-12-06 07:10:31.922 +01:00  INF]  Request finished HTTP/2 GET https://localhost:7214/swagger/v1/swagger.json - - - 200 - application/json;charset=utf-8 557.5166ms
[2023-12-06 07:10:42.942 +01:00  INF]  Request starting HTTP/2 POST https://localhost:7214/api/v1/Merchant/insert-merchant-details application/json 222
[2023-12-06 07:10:42.967 +01:00  INF]  Executing endpoint 'PaymentSystemAPI.Controllers.MerchantController.InsertMerchant (PaymentSystemAPI)'
[2023-12-06 07:10:43.043 +01:00  INF]  Route matched with {action = "InsertMerchant", controller = "Merchant"}. Executing controller action with signature System.Threading.Tasks.Task`1[Microsoft.AspNetCore.Mvc.IActionResult] InsertMerchant(PaymentSystem.Core.DTOs.MerchantRequestDto) on controller PaymentSystemAPI.Controllers.MerchantController (PaymentSystemAPI).
[2023-12-06 07:10:47.259 +01:00  INF]  Entity Framework Core 6.0.25 initialized 'CustomerDbContext' using provider 'Npgsql.EntityFrameworkCore.PostgreSQL:6.0.22+7b04a420e2d10ef5ef0db6abe49a6ad53a2f8653' with options: MaxPoolSize=1024 
[2023-12-06 07:10:47.420 +01:00  INF]  Executed action PaymentSystemAPI.Controllers.MerchantController.InsertMerchant (PaymentSystemAPI) in 4361.1616ms
[2023-12-06 07:10:47.428 +01:00  INF]  Executed endpoint 'PaymentSystemAPI.Controllers.MerchantController.InsertMerchant (PaymentSystemAPI)'
[2023-12-06 07:10:47.437 +01:00  ERR]  An unhandled exception has occurred while executing the request.
System.InvalidCastException: The field of type System.Int64 must be a string, array or ICollection type.
   at System.ComponentModel.DataAnnotations.MaxLengthAttribute.IsValid(Object value)
   at System.ComponentModel.DataAnnotations.ValidationAttribute.IsValid(Object value, ValidationContext validationContext)
   at System.ComponentModel.DataAnnotations.ValidationAttribute.GetValidationResult(Object value, ValidationContext validationContext)
   at Microsoft.AspNetCore.Mvc.DataAnnotations.DataAnnotationsModelValidator.Validate(ModelValidationContext validationContext)
   at Microsoft.AspNetCore.Mvc.ModelBinding.Validation.ValidationVisitor.ValidateNode()
   at Microsoft.AspNetCore.Mvc.ModelBinding.Validation.ValidationVisitor.VisitSimpleType()
   at Microsoft.AspNetCore.Mvc.ModelBinding.Validation.ValidationVisitor.VisitImplementation(ModelMetadata& metadata, String& key, Object model)
   at Microsoft.AspNetCore.Mvc.ModelBinding.Validation.ValidationVisitor.Visit(ModelMetadata metadata, String key, Object model)
   at Microsoft.AspNetCore.Mvc.ModelBinding.Validation.ValidationVisitor.VisitChildren(IValidationStrategy strategy)
   at Microsoft.AspNetCore.Mvc.ModelBinding.Validation.ValidationVisitor.VisitComplexType(IValidationStrategy defaultStrategy)
   at Microsoft.AspNetCore.Mvc.ModelBinding.Validation.ValidationVisitor.VisitImplementation(ModelMetadata& metadata, String& key, Object model)
   at Microsoft.AspNetCore.Mvc.ModelBinding.Validation.ValidationVisitor.Visit(ModelMetadata metadata, String key, Object model)
   at Microsoft.AspNetCore.Mvc.ModelBinding.Validation.ValidationVisitor.Validate(ModelMetadata metadata, String key, Object model, Boolean alwaysValidateAtTopLevel, Object container)
   at Microsoft.AspNetCore.Mvc.ModelBinding.ObjectModelValidator.Validate(ActionContext actionContext, ValidationStateDictionary validationState, String prefix, Object model, ModelMetadata metadata, Object container)
   at Microsoft.AspNetCore.Mvc.ModelBinding.ParameterBinder.EnforceBindRequiredAndValidate(ObjectModelValidator baseObjectValidator, ActionContext actionContext, ParameterDescriptor parameter, ModelMetadata metadata, ModelBindingContext modelBindingContext, ModelBindingResult modelBindingResult, Object container)
   at Microsoft.AspNetCore.Mvc.ModelBinding.ParameterBinder.BindModelAsync(ActionContext actionContext, IModelBinder modelBinder, IValueProvider valueProvider, ParameterDescriptor parameter, ModelMetadata metadata, Object value, Object container)
   at Microsoft.AspNetCore.Mvc.Controllers.ControllerBinderDelegateProvider.<>c__DisplayClass0_0.<<CreateBinderDelegate>g__Bind|0>d.MoveNext()
--- End of stack trace from previous location ---
   at Microsoft.AspNetCore.Mvc.Infrastructure.ControllerActionInvoker.<InvokeInnerFilterAsync>g__Awaited|13_0(ControllerActionInvoker invoker, Task lastTask, State next, Scope scope, Object state, Boolean isCompleted)
   at Microsoft.AspNetCore.Mvc.Infrastructure.ResourceInvoker.<InvokeNextResourceFilter>g__Awaited|25_0(ResourceInvoker invoker, Task lastTask, State next, Scope scope, Object state, Boolean isCompleted)
   at Microsoft.AspNetCore.Mvc.Infrastructure.ResourceInvoker.Rethrow(ResourceExecutedContextSealed context)
   at Microsoft.AspNetCore.Mvc.Infrastructure.ResourceInvoker.Next(State& next, Scope& scope, Object& state, Boolean& isCompleted)
   at Microsoft.AspNetCore.Mvc.Infrastructure.ResourceInvoker.InvokeFilterPipelineAsync()
--- End of stack trace from previous location ---
   at Microsoft.AspNetCore.Mvc.Infrastructure.ResourceInvoker.<InvokeAsync>g__Logged|17_1(ResourceInvoker invoker)
   at Microsoft.AspNetCore.Mvc.Infrastructure.ResourceInvoker.<InvokeAsync>g__Logged|17_1(ResourceInvoker invoker)
   at Microsoft.AspNetCore.Routing.EndpointMiddleware.<Invoke>g__AwaitRequestTask|6_0(Endpoint endpoint, Task requestTask, ILogger logger)
   at Microsoft.AspNetCore.Authorization.AuthorizationMiddleware.Invoke(HttpContext context)
   at Swashbuckle.AspNetCore.SwaggerUI.SwaggerUIMiddleware.Invoke(HttpContext httpContext)
   at Swashbuckle.AspNetCore.Swagger.SwaggerMiddleware.Invoke(HttpContext httpContext, ISwaggerProvider swaggerProvider)
   at Microsoft.AspNetCore.Diagnostics.DeveloperExceptionPageMiddleware.Invoke(HttpContext context)
[2023-12-06 07:10:47.551 +01:00  INF]  Request finished HTTP/2 POST https://localhost:7214/api/v1/Merchant/insert-merchant-details application/json 222 - 500 - text/plain;+charset=utf-8 4609.2373ms
[2023-12-06 07:11:34.225 +01:00  INF]  User profile is available. Using 'C:\Users\ChukwukaOkpalaugo\AppData\Local\ASP.NET\DataProtection-Keys' as key repository and Windows DPAPI to encrypt keys at rest.
[2023-12-06 07:11:34.407 +01:00  INF]  Now listening on: https://localhost:7214
[2023-12-06 07:11:34.407 +01:00  INF]  Now listening on: http://localhost:5223
[2023-12-06 07:11:34.411 +01:00  INF]  Application started. Press Ctrl+C to shut down.
[2023-12-06 07:11:34.412 +01:00  INF]  Hosting environment: Development
[2023-12-06 07:11:34.412 +01:00  INF]  Content root path: C:\Users\ChukwukaOkpalaugo\Documents\Okpalaugo Chukwuka\Peabux Payment System API\PaymentSystemAPI\
[2023-12-06 07:12:12.808 +01:00  INF]  User profile is available. Using 'C:\Users\ChukwukaOkpalaugo\AppData\Local\ASP.NET\DataProtection-Keys' as key repository and Windows DPAPI to encrypt keys at rest.
[2023-12-06 07:12:13.491 +01:00  INF]  Now listening on: https://localhost:7214
[2023-12-06 07:12:13.491 +01:00  INF]  Now listening on: http://localhost:5223
[2023-12-06 07:12:13.496 +01:00  INF]  Application started. Press Ctrl+C to shut down.
[2023-12-06 07:12:13.497 +01:00  INF]  Hosting environment: Development
[2023-12-06 07:12:13.497 +01:00  INF]  Content root path: C:\Users\ChukwukaOkpalaugo\Documents\Okpalaugo Chukwuka\Peabux Payment System API\PaymentSystemAPI\
[2023-12-06 07:12:16.959 +01:00  INF]  Request starting HTTP/2 GET https://localhost:7214/swagger/index.html - -
[2023-12-06 07:12:17.938 +01:00  INF]  Request finished HTTP/2 GET https://localhost:7214/swagger/index.html - - - 200 - text/html;charset=utf-8 989.2788ms
[2023-12-06 07:12:17.979 +01:00  INF]  Request starting HTTP/2 GET https://localhost:7214/_framework/aspnetcore-browser-refresh.js - -
[2023-12-06 07:12:17.991 +01:00  INF]  Request finished HTTP/2 GET https://localhost:7214/_framework/aspnetcore-browser-refresh.js - - - 200 12002 application/javascript;+charset=utf-8 12.6567ms
[2023-12-06 07:12:18.003 +01:00  INF]  Request starting HTTP/2 GET https://localhost:7214/_vs/browserLink - -
[2023-12-06 07:12:18.443 +01:00  INF]  Request finished HTTP/2 GET https://localhost:7214/_vs/browserLink - - - 200 - text/javascript;+charset=UTF-8 440.6642ms
[2023-12-06 07:12:18.626 +01:00  INF]  Request starting HTTP/2 GET https://localhost:7214/swagger/v1/swagger.json - -
[2023-12-06 07:12:19.182 +01:00  INF]  Request finished HTTP/2 GET https://localhost:7214/swagger/v1/swagger.json - - - 200 - application/json;charset=utf-8 555.3369ms
[2023-12-06 07:12:39.576 +01:00  INF]  Request starting HTTP/2 POST https://localhost:7214/api/v1/Merchant/insert-merchant-details application/json 243
[2023-12-06 07:12:39.604 +01:00  INF]  Executing endpoint 'PaymentSystemAPI.Controllers.MerchantController.InsertMerchant (PaymentSystemAPI)'
[2023-12-06 07:12:39.699 +01:00  INF]  Route matched with {action = "InsertMerchant", controller = "Merchant"}. Executing controller action with signature System.Threading.Tasks.Task`1[Microsoft.AspNetCore.Mvc.IActionResult] InsertMerchant(PaymentSystem.Core.DTOs.MerchantRequestDto) on controller PaymentSystemAPI.Controllers.MerchantController (PaymentSystemAPI).
[2023-12-06 07:12:43.904 +01:00  INF]  Entity Framework Core 6.0.25 initialized 'CustomerDbContext' using provider 'Npgsql.EntityFrameworkCore.PostgreSQL:6.0.22+7b04a420e2d10ef5ef0db6abe49a6ad53a2f8653' with options: MaxPoolSize=1024 
[2023-12-06 07:12:44.033 +01:00  INF]  Inserting merchant details...
[2023-12-06 07:12:50.696 +01:00  INF]  Executed DbCommand (254ms) [Parameters=[@__merchantDetails_MerchantNumber_0='?' (DbType = Int64)], CommandType='"Text"', CommandTimeout='30']
SELECT COUNT(*)::INT
FROM "Merchant" AS m
WHERE m."MerchantNumber" = @__merchantDetails_MerchantNumber_0
[2023-12-06 07:14:59.233 +01:00  INF]  User profile is available. Using 'C:\Users\ChukwukaOkpalaugo\AppData\Local\ASP.NET\DataProtection-Keys' as key repository and Windows DPAPI to encrypt keys at rest.
[2023-12-06 07:14:59.938 +01:00  INF]  Now listening on: https://localhost:7214
[2023-12-06 07:14:59.939 +01:00  INF]  Now listening on: http://localhost:5223
[2023-12-06 07:14:59.947 +01:00  INF]  Application started. Press Ctrl+C to shut down.
[2023-12-06 07:14:59.947 +01:00  INF]  Hosting environment: Development
[2023-12-06 07:14:59.947 +01:00  INF]  Content root path: C:\Users\ChukwukaOkpalaugo\Documents\Okpalaugo Chukwuka\Peabux Payment System API\PaymentSystemAPI\
[2023-12-06 07:15:03.863 +01:00  INF]  Request starting HTTP/2 GET https://localhost:7214/swagger/index.html - -
[2023-12-06 07:15:05.564 +01:00  INF]  Request finished HTTP/2 GET https://localhost:7214/swagger/index.html - - - 200 - text/html;charset=utf-8 1720.3999ms
[2023-12-06 07:15:07.651 +01:00  INF]  Request starting HTTP/2 GET https://localhost:7214/_framework/aspnetcore-browser-refresh.js - -
[2023-12-06 07:15:07.689 +01:00  INF]  Request finished HTTP/2 GET https://localhost:7214/_framework/aspnetcore-browser-refresh.js - - - 200 12002 application/javascript;+charset=utf-8 37.8051ms
[2023-12-06 07:15:07.851 +01:00  INF]  Request starting HTTP/2 GET https://localhost:7214/_vs/browserLink - -
[2023-12-06 07:15:07.934 +01:00  INF]  Request finished HTTP/2 GET https://localhost:7214/_vs/browserLink - - - 200 - text/javascript;+charset=UTF-8 83.3160ms
[2023-12-06 07:15:08.430 +01:00  INF]  Request starting HTTP/2 GET https://localhost:7214/swagger/v1/swagger.json - -
[2023-12-06 07:15:08.725 +01:00  INF]  Request finished HTTP/2 GET https://localhost:7214/swagger/v1/swagger.json - - - 200 - application/json;charset=utf-8 294.1213ms
[2023-12-06 07:15:27.176 +01:00  INF]  Request starting HTTP/2 POST https://localhost:7214/api/v1/Merchant/insert-merchant-details application/json 242
[2023-12-06 07:15:27.202 +01:00  INF]  Executing endpoint 'PaymentSystemAPI.Controllers.MerchantController.InsertMerchant (PaymentSystemAPI)'
[2023-12-06 07:15:27.311 +01:00  INF]  Route matched with {action = "InsertMerchant", controller = "Merchant"}. Executing controller action with signature System.Threading.Tasks.Task`1[Microsoft.AspNetCore.Mvc.IActionResult] InsertMerchant(PaymentSystem.Core.DTOs.MerchantRequestDto) on controller PaymentSystemAPI.Controllers.MerchantController (PaymentSystemAPI).
[2023-12-06 07:15:32.500 +01:00  INF]  Entity Framework Core 6.0.25 initialized 'CustomerDbContext' using provider 'Npgsql.EntityFrameworkCore.PostgreSQL:6.0.22+7b04a420e2d10ef5ef0db6abe49a6ad53a2f8653' with options: MaxPoolSize=1024 
[2023-12-06 07:15:32.621 +01:00  INF]  Inserting merchant details...
[2023-12-06 07:15:39.020 +01:00  INF]  Executed DbCommand (283ms) [Parameters=[@__merchantDetails_MerchantNumber_0='?' (DbType = Int64)], CommandType='"Text"', CommandTimeout='30']
SELECT COUNT(*)::INT
FROM "Merchant" AS m
WHERE m."MerchantNumber" = @__merchantDetails_MerchantNumber_0
[2023-12-06 07:15:49.898 +01:00  INF]  Executed DbCommand (63ms) [Parameters=[@p0='?' (DbType = Int64), @p1='?', @p2='?', @p3='?', @p4='?', @p5='?', @p6='?' (DbType = DateTime)], CommandType='"Text"', CommandTimeout='30']
INSERT INTO "Merchant" ("MerchantNumber", "AverageTransactionVolume", "BusinessIdNumber", "BusinessName", "ContactName", "ContactSurname", "DateOfEstablishment")
VALUES (@p0, @p1, @p2, @p3, @p4, @p5, @p6);
[2023-12-06 07:17:50.904 +01:00  INF]  Merchant detials successfully saved: {"MerchantNumber":37465947,"BusinessIdNumber":"string","BusinessName":"string","ContactName":"string","AverageTransactionVolume":"string","ContactSurname":"string","DateOfEstablishment":"2023-12-06T06:15:18.545Z"}
[2023-12-06 07:17:54.126 +01:00  INF]  Executing ObjectResult, writing value of type 'PaymentSystem.Core.DTOs.ResponseDto`1[[System.Boolean, System.Private.CoreLib, Version=6.0.0.0, Culture=neutral, PublicKeyToken=7cec85d7bea7798e]]'.
[2023-12-06 07:17:54.151 +01:00  INF]  Executed action PaymentSystemAPI.Controllers.MerchantController.InsertMerchant (PaymentSystemAPI) in 146823.3631ms
[2023-12-06 07:17:54.156 +01:00  INF]  Executed endpoint 'PaymentSystemAPI.Controllers.MerchantController.InsertMerchant (PaymentSystemAPI)'
[2023-12-06 07:17:54.193 +01:00  INF]  Request finished HTTP/2 POST https://localhost:7214/api/v1/Merchant/insert-merchant-details application/json 242 - 201 - application/json;+charset=utf-8 147017.1810ms
[2023-12-06 07:18:13.074 +01:00  INF]  Request starting HTTP/2 GET https://localhost:7214/api/v1/Merchant/get-merchant-details?merchantNumber=37465947 - -
[2023-12-06 07:18:13.078 +01:00  INF]  Executing endpoint 'PaymentSystemAPI.Controllers.MerchantController.GetMerchantByNumber (PaymentSystemAPI)'
[2023-12-06 07:18:13.086 +01:00  INF]  Route matched with {action = "GetMerchantByNumber", controller = "Merchant"}. Executing controller action with signature System.Threading.Tasks.Task`1[Microsoft.AspNetCore.Mvc.IActionResult] GetMerchantByNumber(Int64) on controller PaymentSystemAPI.Controllers.MerchantController (PaymentSystemAPI).
[2023-12-06 07:18:13.121 +01:00  INF]  Getting merchant details...
[2023-12-06 07:18:14.970 +01:00  INF]  Getting customer details...NationalId: 37465947
[2023-12-06 07:18:15.876 +01:00  INF]  Executed DbCommand (6ms) [Parameters=[@__merchantNumber_0='?' (DbType = Int64)], CommandType='"Text"', CommandTimeout='30']
SELECT m."MerchantNumber", m."AverageTransactionVolume", m."BusinessIdNumber", m."BusinessName", m."ContactName", m."ContactSurname", m."DateOfEstablishment"
FROM "Merchant" AS m
WHERE m."MerchantNumber" = @__merchantNumber_0
LIMIT 1
[2023-12-06 07:18:27.810 +01:00  INF]  Successful merchant Details: {"MerchantNumber":37465947,"BusinessIdNumber":"string","BusinessName":"string","ContactName":"string","AverageTransactionVolume":"string","ContactSurname":"string","DateOfEstablishment":"2023-12-06T06:15:18.545Z"}
[2023-12-06 07:21:07.603 +01:00  INF]  User profile is available. Using 'C:\Users\ChukwukaOkpalaugo\AppData\Local\ASP.NET\DataProtection-Keys' as key repository and Windows DPAPI to encrypt keys at rest.
[2023-12-06 07:21:08.180 +01:00  INF]  Now listening on: https://localhost:7214
[2023-12-06 07:21:08.181 +01:00  INF]  Now listening on: http://localhost:5223
[2023-12-06 07:21:08.190 +01:00  INF]  Application started. Press Ctrl+C to shut down.
[2023-12-06 07:21:08.191 +01:00  INF]  Hosting environment: Development
[2023-12-06 07:21:08.191 +01:00  INF]  Content root path: C:\Users\ChukwukaOkpalaugo\Documents\Okpalaugo Chukwuka\Peabux Payment System API\PaymentSystemAPI\
[2023-12-06 07:21:09.498 +01:00  INF]  Request starting HTTP/2 GET https://localhost:7214/swagger/index.html - -
[2023-12-06 07:21:10.606 +01:00  INF]  Request starting HTTP/2 GET https://localhost:7214/_framework/aspnetcore-browser-refresh.js - -
[2023-12-06 07:21:10.646 +01:00  INF]  Request finished HTTP/2 GET https://localhost:7214/_framework/aspnetcore-browser-refresh.js - - - 200 12002 application/javascript;+charset=utf-8 37.1292ms
[2023-12-06 07:21:10.645 +01:00  INF]  Request starting HTTP/2 GET https://localhost:7214/_vs/browserLink - -
[2023-12-06 07:21:10.721 +01:00  INF]  Request finished HTTP/2 GET https://localhost:7214/swagger/index.html - - - 200 - text/html;charset=utf-8 1238.4741ms
[2023-12-06 07:21:10.961 +01:00  INF]  Request finished HTTP/2 GET https://localhost:7214/_vs/browserLink - - - 200 - text/javascript;+charset=UTF-8 316.8537ms
[2023-12-06 07:21:11.206 +01:00  INF]  Request starting HTTP/2 GET https://localhost:7214/swagger/v1/swagger.json - -
[2023-12-06 07:21:11.739 +01:00  INF]  Request finished HTTP/2 GET https://localhost:7214/swagger/v1/swagger.json - - - 200 - application/json;charset=utf-8 532.9972ms
[2023-12-06 07:21:33.133 +01:00  INF]  Request starting HTTP/2 GET https://localhost:7214/api/v1/Merchant/get-merchant-details?merchantNumber=37465947 - -
[2023-12-06 07:21:33.160 +01:00  INF]  Executing endpoint 'PaymentSystemAPI.Controllers.MerchantController.GetMerchantByNumber (PaymentSystemAPI)'
[2023-12-06 07:21:33.240 +01:00  INF]  Route matched with {action = "GetMerchantByNumber", controller = "Merchant"}. Executing controller action with signature System.Threading.Tasks.Task`1[Microsoft.AspNetCore.Mvc.IActionResult] GetMerchantByNumber(Int64) on controller PaymentSystemAPI.Controllers.MerchantController (PaymentSystemAPI).
[2023-12-06 07:21:37.796 +01:00  INF]  Entity Framework Core 6.0.25 initialized 'CustomerDbContext' using provider 'Npgsql.EntityFrameworkCore.PostgreSQL:6.0.22+7b04a420e2d10ef5ef0db6abe49a6ad53a2f8653' with options: MaxPoolSize=1024 
[2023-12-06 07:21:39.159 +01:00  INF]  Getting merchant details...
[2023-12-06 07:21:42.304 +01:00  INF]  Getting customer details...NationalId: 37465947
[2023-12-06 07:21:45.592 +01:00  INF]  Executed DbCommand (388ms) [Parameters=[@__merchantNumber_0='?' (DbType = Int64)], CommandType='"Text"', CommandTimeout='30']
SELECT m."MerchantNumber", m."AverageTransactionVolume", m."BusinessIdNumber", m."BusinessName", m."ContactName", m."ContactSurname", m."DateOfEstablishment"
FROM "Merchant" AS m
WHERE m."MerchantNumber" = @__merchantNumber_0
LIMIT 1
[2023-12-06 07:21:50.234 +01:00  INF]  Successful merchant Details: {"MerchantNumber":37465947,"BusinessIdNumber":"string","BusinessName":"string","ContactName":"string","AverageTransactionVolume":"string","ContactSurname":"string","DateOfEstablishment":"2023-12-06T06:15:18.545Z"}
[2023-12-06 07:21:56.530 +01:00  INF]  Executing ObjectResult, writing value of type 'PaymentSystem.Core.DTOs.ResponseDto`1[[PaymentSystem.Core.DTOs.MerchantResponseDto, PaymentSystem.Core, Version=1.0.0.0, Culture=neutral, PublicKeyToken=null]]'.
[2023-12-06 07:21:56.576 +01:00  INF]  Executed action PaymentSystemAPI.Controllers.MerchantController.GetMerchantByNumber (PaymentSystemAPI) in 23319.1086ms
[2023-12-06 07:21:56.581 +01:00  INF]  Executed endpoint 'PaymentSystemAPI.Controllers.MerchantController.GetMerchantByNumber (PaymentSystemAPI)'
[2023-12-06 07:21:56.644 +01:00  INF]  Request finished HTTP/2 GET https://localhost:7214/api/v1/Merchant/get-merchant-details?merchantNumber=37465947 - - - 200 - application/json;+charset=utf-8 23510.7219ms
[2023-12-06 07:22:11.976 +01:00  INF]  Request starting HTTP/2 DELETE https://localhost:7214/api/v1/Merchant/delete-merchant?merchantNumber=37465947 - -
[2023-12-06 07:22:11.982 +01:00  INF]  Executing endpoint 'PaymentSystemAPI.Controllers.MerchantController.DeleteMerchant (PaymentSystemAPI)'
[2023-12-06 07:22:11.990 +01:00  INF]  Route matched with {action = "DeleteMerchant", controller = "Merchant"}. Executing controller action with signature System.Threading.Tasks.Task`1[Microsoft.AspNetCore.Mvc.IActionResult] DeleteMerchant(Int64) on controller PaymentSystemAPI.Controllers.MerchantController (PaymentSystemAPI).
[2023-12-06 07:22:11.994 +01:00  INF]  deleting merchant details...
[2023-12-06 07:22:16.554 +01:00  INF]  Executed DbCommand (7ms) [Parameters=[@__merchantNumber_0='?' (DbType = Int64)], CommandType='"Text"', CommandTimeout='30']
SELECT COUNT(*)::INT
FROM "Merchant" AS m
WHERE m."MerchantNumber" = @__merchantNumber_0
[2023-12-06 07:22:23.367 +01:00  INF]  Executed DbCommand (17ms) [Parameters=[@__merchantNumber_0='?' (DbType = Int64)], CommandType='"Text"', CommandTimeout='30']
SELECT m."MerchantNumber", m."AverageTransactionVolume", m."BusinessIdNumber", m."BusinessName", m."ContactName", m."ContactSurname", m."DateOfEstablishment"
FROM "Merchant" AS m
WHERE m."MerchantNumber" = @__merchantNumber_0
LIMIT 1
[2023-12-06 07:22:28.154 +01:00  INF]  Executed DbCommand (16ms) [Parameters=[@p0='?' (DbType = Int64)], CommandType='"Text"', CommandTimeout='30']
DELETE FROM "Merchant"
WHERE "MerchantNumber" = @p0;
[2023-12-06 07:22:34.456 +01:00  ERR]  Merchant with merchant number: 37465947 deleted successfully
[2023-12-06 07:22:38.558 +01:00  INF]  Executing ObjectResult, writing value of type 'PaymentSystem.Core.DTOs.ResponseDto`1[[System.Boolean, System.Private.CoreLib, Version=6.0.0.0, Culture=neutral, PublicKeyToken=7cec85d7bea7798e]]'.
[2023-12-06 07:22:38.562 +01:00  INF]  Executed action PaymentSystemAPI.Controllers.MerchantController.DeleteMerchant (PaymentSystemAPI) in 26571.763ms
[2023-12-06 07:22:38.562 +01:00  INF]  Executed endpoint 'PaymentSystemAPI.Controllers.MerchantController.DeleteMerchant (PaymentSystemAPI)'
[2023-12-06 07:22:38.617 +01:00  INF]  Request finished HTTP/2 DELETE https://localhost:7214/api/v1/Merchant/delete-merchant?merchantNumber=37465947 - - - 200 - application/json;+charset=utf-8 26641.0289ms
[2023-12-06 07:23:21.093 +01:00  INF]  Request starting HTTP/2 DELETE https://localhost:7214/api/v1/Merchant/delete-merchant?merchantNumber=37465947 - -
[2023-12-06 07:23:21.094 +01:00  INF]  Executing endpoint 'PaymentSystemAPI.Controllers.MerchantController.DeleteMerchant (PaymentSystemAPI)'
[2023-12-06 07:23:21.100 +01:00  INF]  Route matched with {action = "DeleteMerchant", controller = "Merchant"}. Executing controller action with signature System.Threading.Tasks.Task`1[Microsoft.AspNetCore.Mvc.IActionResult] DeleteMerchant(Int64) on controller PaymentSystemAPI.Controllers.MerchantController (PaymentSystemAPI).
[2023-12-06 07:23:21.111 +01:00  INF]  deleting merchant details...
[2023-12-06 07:23:24.359 +01:00  INF]  Executed DbCommand (1ms) [Parameters=[@__merchantNumber_0='?' (DbType = Int64)], CommandType='"Text"', CommandTimeout='30']
SELECT COUNT(*)::INT
FROM "Merchant" AS m
WHERE m."MerchantNumber" = @__merchantNumber_0
[2023-12-06 07:23:58.486 +01:00  INF]  Executed DbCommand (5ms) [Parameters=[@__merchantNumber_0='?' (DbType = Int64)], CommandType='"Text"', CommandTimeout='30']
SELECT m."MerchantNumber", m."AverageTransactionVolume", m."BusinessIdNumber", m."BusinessName", m."ContactName", m."ContactSurname", m."DateOfEstablishment"
FROM "Merchant" AS m
WHERE m."MerchantNumber" = @__merchantNumber_0
LIMIT 1
[2023-12-06 07:24:07.324 +01:00  INF]  Executed DbCommand (1ms) [Parameters=[@p0='?' (DbType = Int64)], CommandType='"Text"', CommandTimeout='30']
DELETE FROM "Merchant"
WHERE "MerchantNumber" = @p0;
[2023-12-06 07:24:12.300 +01:00  ERR]  Merchant with merchant number: 37465947 deleted successfully
[2023-12-06 07:24:15.218 +01:00  INF]  Executing ObjectResult, writing value of type 'PaymentSystem.Core.DTOs.ResponseDto`1[[System.Boolean, System.Private.CoreLib, Version=6.0.0.0, Culture=neutral, PublicKeyToken=7cec85d7bea7798e]]'.
[2023-12-06 07:24:15.219 +01:00  INF]  Executed action PaymentSystemAPI.Controllers.MerchantController.DeleteMerchant (PaymentSystemAPI) in 54119.1226ms
[2023-12-06 07:24:15.219 +01:00  INF]  Executed endpoint 'PaymentSystemAPI.Controllers.MerchantController.DeleteMerchant (PaymentSystemAPI)'
[2023-12-06 07:24:15.227 +01:00  INF]  Request finished HTTP/2 DELETE https://localhost:7214/api/v1/Merchant/delete-merchant?merchantNumber=37465947 - - - 200 - application/json;+charset=utf-8 54133.1753ms
[2023-12-06 07:25:06.610 +01:00  INF]  Request starting HTTP/2 PUT https://localhost:7214/api/v1/Merchant/update-merchant-details?merchantNumber=37465947 application/json 172
[2023-12-06 07:25:06.621 +01:00  INF]  Executing endpoint 'PaymentSystemAPI.Controllers.MerchantController.UpdateMerchant (PaymentSystemAPI)'
[2023-12-06 07:25:06.629 +01:00  INF]  Route matched with {action = "UpdateMerchant", controller = "Merchant"}. Executing controller action with signature System.Threading.Tasks.Task`1[Microsoft.AspNetCore.Mvc.IActionResult] UpdateMerchant(Int64, PaymentSystem.Core.DTOs.MerchantUpdateRequestDto) on controller PaymentSystemAPI.Controllers.MerchantController (PaymentSystemAPI).
[2023-12-06 07:25:06.686 +01:00  INF]  Updating merchant details...
[2023-12-06 07:25:10.142 +01:00  INF]  Executed DbCommand (1ms) [Parameters=[@__merchantNumber_0='?' (DbType = Int64)], CommandType='"Text"', CommandTimeout='30']
SELECT m."MerchantNumber", m."AverageTransactionVolume", m."BusinessIdNumber", m."BusinessName", m."ContactName", m."ContactSurname", m."DateOfEstablishment"
FROM "Merchant" AS m
WHERE m."MerchantNumber" = @__merchantNumber_0
LIMIT 1
[2023-12-06 07:25:12.211 +01:00  INF]  Executed DbCommand (0ms) [Parameters=[@__merchantNumber_0='?' (DbType = Int64)], CommandType='"Text"', CommandTimeout='30']
SELECT COUNT(*)::INT
FROM "Merchant" AS m
WHERE m."MerchantNumber" = @__merchantNumber_0
[2023-12-06 07:25:33.831 +01:00  INF]  Executed DbCommand (31ms) [Parameters=[@p6='?' (DbType = Int64), @p0='?', @p1='?', @p2='?', @p3='?', @p4='?', @p5='?' (DbType = DateTime)], CommandType='"Text"', CommandTimeout='30']
UPDATE "Merchant" SET "AverageTransactionVolume" = @p0, "BusinessIdNumber" = @p1, "BusinessName" = @p2, "ContactName" = @p3, "ContactSurname" = @p4, "DateOfEstablishment" = @p5
WHERE "MerchantNumber" = @p6;
[2023-12-06 07:25:33.839 +01:00  INF]  Executing ObjectResult, writing value of type 'PaymentSystem.Core.DTOs.ResponseDto`1[[System.Boolean, System.Private.CoreLib, Version=6.0.0.0, Culture=neutral, PublicKeyToken=7cec85d7bea7798e]]'.
[2023-12-06 07:25:33.839 +01:00  INF]  Executed action PaymentSystemAPI.Controllers.MerchantController.UpdateMerchant (PaymentSystemAPI) in 27210.0836ms
[2023-12-06 07:25:33.839 +01:00  INF]  Executed endpoint 'PaymentSystemAPI.Controllers.MerchantController.UpdateMerchant (PaymentSystemAPI)'
[2023-12-06 07:25:33.841 +01:00  INF]  Request finished HTTP/2 PUT https://localhost:7214/api/v1/Merchant/update-merchant-details?merchantNumber=37465947 application/json 172 - 200 - application/json;+charset=utf-8 27230.3041ms
[2023-12-06 07:25:57.109 +01:00  INF]  Request starting HTTP/2 PUT https://localhost:7214/api/v1/Merchant/update-merchant-details?merchantNumber=37465947 application/json 170
[2023-12-06 07:25:57.109 +01:00  INF]  Executing endpoint 'PaymentSystemAPI.Controllers.MerchantController.UpdateMerchant (PaymentSystemAPI)'
[2023-12-06 07:25:57.109 +01:00  INF]  Route matched with {action = "UpdateMerchant", controller = "Merchant"}. Executing controller action with signature System.Threading.Tasks.Task`1[Microsoft.AspNetCore.Mvc.IActionResult] UpdateMerchant(Int64, PaymentSystem.Core.DTOs.MerchantUpdateRequestDto) on controller PaymentSystemAPI.Controllers.MerchantController (PaymentSystemAPI).
[2023-12-06 07:25:57.117 +01:00  INF]  Updating merchant details...
[2023-12-06 07:25:58.631 +01:00  INF]  Executed DbCommand (5ms) [Parameters=[@__merchantNumber_0='?' (DbType = Int64)], CommandType='"Text"', CommandTimeout='30']
SELECT m."MerchantNumber", m."AverageTransactionVolume", m."BusinessIdNumber", m."BusinessName", m."ContactName", m."ContactSurname", m."DateOfEstablishment"
FROM "Merchant" AS m
WHERE m."MerchantNumber" = @__merchantNumber_0
LIMIT 1
[2023-12-06 07:25:58.634 +01:00  INF]  Executed DbCommand (0ms) [Parameters=[@__merchantNumber_0='?' (DbType = Int64)], CommandType='"Text"', CommandTimeout='30']
SELECT COUNT(*)::INT
FROM "Merchant" AS m
WHERE m."MerchantNumber" = @__merchantNumber_0
[2023-12-06 07:25:58.637 +01:00  INF]  Executed DbCommand (1ms) [Parameters=[@p6='?' (DbType = Int64), @p0='?', @p1='?', @p2='?', @p3='?', @p4='?', @p5='?' (DbType = DateTime)], CommandType='"Text"', CommandTimeout='30']
UPDATE "Merchant" SET "AverageTransactionVolume" = @p0, "BusinessIdNumber" = @p1, "BusinessName" = @p2, "ContactName" = @p3, "ContactSurname" = @p4, "DateOfEstablishment" = @p5
WHERE "MerchantNumber" = @p6;
[2023-12-06 07:25:58.638 +01:00  INF]  Executing ObjectResult, writing value of type 'PaymentSystem.Core.DTOs.ResponseDto`1[[System.Boolean, System.Private.CoreLib, Version=6.0.0.0, Culture=neutral, PublicKeyToken=7cec85d7bea7798e]]'.
[2023-12-06 07:25:58.639 +01:00  INF]  Executed action PaymentSystemAPI.Controllers.MerchantController.UpdateMerchant (PaymentSystemAPI) in 1529.3887ms
[2023-12-06 07:25:58.639 +01:00  INF]  Executed endpoint 'PaymentSystemAPI.Controllers.MerchantController.UpdateMerchant (PaymentSystemAPI)'
[2023-12-06 07:25:58.641 +01:00  INF]  Request finished HTTP/2 PUT https://localhost:7214/api/v1/Merchant/update-merchant-details?merchantNumber=37465947 application/json 170 - 200 - application/json;+charset=utf-8 1532.0816ms
